2025-09-06 20:08:23 PUT /api/payments 200 134ms
2025-09-06 20:08:27 PUT /api/cart 200 461ms
2025-09-06 20:08:27 POST /api/orders 200 154ms
2025-09-06 20:08:29 POST /api/orders 400 267ms
2025-09-06 20:08:27 DELETE /api/users 500 298ms
2025-09-06 20:08:28 PUT /api/reviews 200 150ms
2025-09-06 20:08:35 GET /api/users 404 214ms
2025-09-06 20:08:30 PUT /api/cart 200 425ms
2025-09-06 20:08:47 PUT /api/reviews 200 286ms
2025-09-06 20:08:41 PUT /api/cart 200 67ms
2025-09-06 20:09:03 DELETE /api/reviews 401 468ms
2025-09-06 20:08:34 GET /api/cart 400 438ms
2025-09-06 20:08:35 POST /api/reviews 403 476ms
2025-09-06 20:08:49 DELETE /api/reviews 200 432ms
2025-09-06 20:09:19 DELETE /api/reviews 401 273ms
2025-09-06 20:09:08 DELETE /api/products 200 83ms
2025-09-06 20:08:55 POST /api/cart 200 425ms
2025-09-06 20:09:14 DELETE /api/products 200 97ms
2025-09-06 20:08:59 GET /api/products 200 463ms
2025-09-06 20:09:20 POST /api/users 200 442ms
2025-09-06 20:09:43 DELETE /api/reviews 502 459ms
2025-09-06 20:09:47 DELETE /api/users 200 432ms
2025-09-06 20:08:45 POST /api/orders 200 373ms
2025-09-06 20:08:46 DELETE /api/reviews 403 218ms
2025-09-06 20:08:47 POST /api/products 502 75ms
2025-09-06 20:10:28 POST /api/reviews 200 151ms
2025-09-06 20:10:33 GET /api/users 200 415ms
2025-09-06 20:10:38 DELETE /api/payments 200 294ms
2025-09-06 20:10:15 GET /api/cart 200 266ms
2025-09-06 20:10:48 DELETE /api/reviews 403 147ms
2025-09-06 20:09:53 POST /api/users 502 454ms
2025-09-06 20:09:56 POST /api/cart 200 412ms
2025-09-06 20:09:59 DELETE /api/cart 200 451ms
2025-09-06 20:11:08 PUT /api/orders 200 148ms
2025-09-06 20:11:13 PUT /api/cart 200 428ms
2025-09-06 20:11:18 DELETE /api/products 200 313ms
2025-09-06 20:08:59 POST /api/products 200 310ms
2025-09-06 20:10:51 POST /api/reviews 200 318ms
2025-09-06 20:10:17 DELETE /api/cart 200 149ms
2025-09-06 20:10:59 POST /api/payments 403 315ms
2025-09-06 20:09:43 POST /api/payments 200 475ms
2025-09-06 20:10:26 PUT /api/orders 200 204ms
2025-09-06 20:10:29 PUT /api/reviews 404 324ms
2025-09-06 20:11:15 GET /api/products 200 57ms
2025-09-06 20:10:35 GET /api/reviews 200 319ms
2025-09-06 20:12:08 POST /api/orders 201 120ms
2025-09-06 20:09:09 DELETE /api/orders 200 192ms
2025-09-06 20:09:10 GET /api/products 200 171ms
2025-09-06 20:11:35 GET /api/users 200 315ms
2025-09-06 20:10:01 DELETE /api/orders 200 191ms
2025-09-06 20:11:43 PUT /api/reviews 200 209ms
2025-09-06 20:11:47 PUT /api/payments 200 488ms
2025-09-06 20:12:43 DELETE /api/products 200 130ms
2025-09-06 20:09:16 GET /api/orders 200 304ms
2025-09-06 20:09:17 DELETE /api/reviews 200 253ms
2025-09-06 20:10:13 PUT /api/products 200 211ms
2025-09-06 20:09:19 POST /api/orders 404 167ms
2025-09-06 20:13:08 DELETE /api/users 200 232ms
2025-09-06 20:09:21 POST /api/reviews 200 124ms
2025-09-06 20:13:18 PUT /api/orders 200 384ms
2025-09-06 20:12:23 GET /api/products 200 214ms
2025-09-06 20:10:25 GET /api/orders 200 256ms
2025-09-06 20:11:29 DELETE /api/products 200 368ms
2025-09-06 20:09:26 GET /api/reviews 200 318ms
2025-09-06 20:10:31 POST /api/cart 200 212ms
2025-09-06 20:09:28 POST /api/users 403 430ms
2025-09-06 20:11:41 POST /api/reviews 200 364ms
2025-09-06 20:12:51 PUT /api/reviews 401 476ms
2025-09-06 20:09:31 PUT /api/orders 200 187ms
2025-09-06 20:10:41 PUT /api/payments 200 265ms
2025-09-06 20:13:03 PUT /api/reviews 201 442ms
2025-09-06 20:10:45 GET /api/users 200 455ms
2025-09-06 20:09:35 GET /api/products 401 355ms
2025-09-06 20:14:28 PUT /api/cart 404 120ms
2025-09-06 20:14:33 PUT /api/users 404 88ms
2025-09-06 20:10:53 POST /api/payments 502 197ms
2025-09-06 20:09:39 POST /api/payments 200 266ms
2025-09-06 20:14:48 GET /api/products 200 366ms
2025-09-06 20:13:35 POST /api/reviews 200 170ms
2025-09-06 20:09:42 GET /api/cart 500 355ms
2025-09-06 20:09:43 POST /api/products 200 301ms
2025-09-06 20:12:26 DELETE /api/products 200 354ms
2025-09-06 20:15:13 PUT /api/payments 200 498ms
2025-09-06 20:12:32 PUT /api/products 200 437ms
2025-09-06 20:13:59 DELETE /api/reviews 200 54ms
2025-09-06 20:15:28 PUT /api/cart 200 445ms
2025-09-06 20:15:33 POST /api/orders 200 112ms
2025-09-06 20:15:38 GET /api/users 500 151ms
2025-09-06 20:12:47 PUT /api/reviews 200 62ms
2025-09-06 20:14:19 PUT /api/reviews 201 422ms
2025-09-06 20:15:53 POST /api/orders 200 168ms
2025-09-06 20:15:58 GET /api/payments 200 233ms
2025-09-06 20:11:27 POST /api/users 200 335ms
2025-09-06 20:11:29 PUT /api/orders 404 471ms
2025-09-06 20:11:31 PUT /api/reviews 200 223ms
2025-09-06 20:14:43 DELETE /api/cart 200 106ms
2025-09-06 20:13:11 DELETE /api/cart 200 321ms
2025-09-06 20:13:14 GET /api/payments 200 126ms
2025-09-06 20:13:17 PUT /api/reviews 200 90ms
2025-09-06 20:11:41 DELETE /api/payments 400 278ms
2025-09-06 20:11:43 DELETE /api/payments 500 361ms
2025-09-06 20:10:04 GET /api/users 200 232ms
2025-09-06 20:10:05 GET /api/products 200 333ms
2025-09-06 20:13:32 GET /api/payments 200 165ms
2025-09-06 20:10:07 POST /api/orders 200 302ms
2025-09-06 20:13:38 POST /api/cart 200 232ms
2025-09-06 20:11:55 PUT /api/products 401 497ms
2025-09-06 20:10:10 PUT /api/users 200 490ms
2025-09-06 20:17:23 GET /api/reviews 403 103ms
2025-09-06 20:17:28 DELETE /api/reviews 400 262ms
2025-09-06 20:10:13 PUT /api/payments 200 251ms
2025-09-06 20:12:05 POST /api/users 500 313ms
2025-09-06 20:10:15 DELETE /api/cart 403 73ms
2025-09-06 20:15:55 POST /api/payments 200 450ms
2025-09-06 20:10:17 DELETE /api/payments 502 394ms
2025-09-06 20:10:18 DELETE /api/products 200 79ms
2025-09-06 20:10:19 PUT /api/products 200 81ms
2025-09-06 20:16:11 PUT /api/orders 200 75ms
2025-09-06 20:14:17 DELETE /api/users 200 326ms
2025-09-06 20:16:19 DELETE /api/reviews 200 396ms
2025-09-06 20:18:23 POST /api/users 200 122ms
2025-09-06 20:18:28 POST /api/orders 200 459ms
2025-09-06 20:16:31 PUT /api/cart 502 461ms
2025-09-06 20:10:26 GET /api/users 200 311ms
2025-09-06 20:14:35 POST /api/reviews 502 83ms
2025-09-06 20:16:43 DELETE /api/cart 200 94ms
2025-09-06 20:14:41 POST /api/cart 200 149ms
2025-09-06 20:12:37 PUT /api/products 403 100ms
2025-09-06 20:16:55 PUT /api/users 200 123ms
2025-09-06 20:14:50 DELETE /api/users 400 145ms
2025-09-06 20:12:43 DELETE /api/orders 200 122ms
2025-09-06 20:10:34 GET /api/reviews 404 262ms
2025-09-06 20:14:59 PUT /api/payments 200 301ms
2025-09-06 20:17:15 POST /api/products 404 289ms
2025-09-06 20:10:37 PUT /api/users 200 445ms
2025-09-06 20:10:38 POST /api/reviews 200 90ms
2025-09-06 20:10:39 POST /api/reviews 401 300ms
2025-09-06 20:15:14 POST /api/cart 200 279ms
2025-09-06 20:17:35 DELETE /api/products 200 139ms
2025-09-06 20:10:42 GET /api/reviews 200 105ms
2025-09-06 20:17:43 POST /api/orders 200 463ms
2025-09-06 20:10:44 GET /api/payments 200 143ms
2025-09-06 20:15:29 PUT /api/users 200 296ms
2025-09-06 20:17:55 POST /api/orders 200 293ms
2025-09-06 20:10:47 GET /api/users 404 476ms
2025-09-06 20:13:13 PUT /api/users 401 398ms
2025-09-06 20:15:41 POST /api/payments 200 462ms
2025-09-06 20:18:11 POST /api/orders 200 412ms
2025-09-06 20:10:51 PUT /api/orders 200 497ms
2025-09-06 20:15:50 POST /api/reviews 200 311ms
2025-09-06 20:18:23 POST /api/payments 201 220ms
2025-09-06 20:18:27 DELETE /api/orders 200 327ms
2025-09-06 20:21:03 POST /api/reviews 401 239ms
2025-09-06 20:21:08 PUT /api/products 200 363ms
2025-09-06 20:10:57 POST /api/products 200 105ms
2025-09-06 20:10:58 PUT /api/payments 200 86ms
2025-09-06 20:21:23 GET /api/orders 500 325ms
2025-09-06 20:11:00 PUT /api/reviews 401 439ms
2025-09-06 20:11:01 PUT /api/cart 200 293ms
2025-09-06 20:16:20 DELETE /api/users 201 292ms
2025-09-06 20:21:43 GET /api/reviews 200 200ms
2025-09-06 20:11:04 PUT /api/products 200 471ms
2025-09-06 20:19:11 PUT /api/payments 200 119ms
2025-09-06 20:19:15 PUT /api/cart 401 439ms
2025-09-06 20:13:51 POST /api/cart 200 283ms
2025-09-06 20:13:53 POST /api/products 200 98ms
2025-09-06 20:16:41 GET /api/reviews 401 370ms
2025-09-06 20:16:44 PUT /api/products 200 471ms
2025-09-06 20:19:35 POST /api/users 200 279ms
2025-09-06 20:11:12 GET /api/reviews 503 146ms
2025-09-06 20:16:53 DELETE /api/orders 200 494ms
2025-09-06 20:19:47 GET /api/reviews 401 423ms
2025-09-06 20:16:59 POST /api/reviews 500 53ms
2025-09-06 20:22:48 DELETE /api/reviews 200 406ms
2025-09-06 20:17:05 DELETE /api/cart 200 433ms
2025-09-06 20:20:03 DELETE /api/orders 201 59ms
2025-09-06 20:14:15 GET /api/products 200 462ms
2025-09-06 20:14:17 PUT /api/reviews 201 227ms
2025-09-06 20:14:19 PUT /api/payments 404 373ms
2025-09-06 20:23:18 DELETE /api/reviews 404 485ms
2025-09-06 20:17:23 DELETE /api/cart 201 281ms
2025-09-06 20:23:28 DELETE /api/payments 200 252ms
2025-09-06 20:14:27 GET /api/users 404 459ms
2025-09-06 20:14:29 PUT /api/cart 400 384ms
2025-09-06 20:20:39 DELETE /api/products 200 225ms
2025-09-06 20:14:33 DELETE /api/products 200 121ms
2025-09-06 20:17:41 DELETE /api/reviews 403 287ms
2025-09-06 20:20:51 PUT /api/reviews 200 265ms
2025-09-06 20:11:31 DELETE /api/users 500 202ms
2025-09-06 20:20:59 GET /api/cart 503 421ms
2025-09-06 20:17:53 POST /api/users 200 213ms
2025-09-06 20:11:34 DELETE /api/users 404 455ms
2025-09-06 20:17:59 POST /api/orders 404 90ms
2025-09-06 20:18:02 POST /api/payments 200 460ms
2025-09-06 20:14:51 POST /api/users 200 431ms
2025-09-06 20:11:38 POST /api/products 401 334ms
2025-09-06 20:14:55 PUT /api/reviews 200 433ms
2025-09-06 20:14:57 PUT /api/orders 401 420ms
2025-09-06 20:21:35 POST /api/reviews 200 380ms
2025-09-06 20:24:58 GET /api/products 201 87ms
2025-09-06 20:18:23 POST /api/reviews 200 307ms
2025-09-06 20:15:05 PUT /api/products 200 196ms
2025-09-06 20:25:13 PUT /api/cart 404 228ms
2025-09-06 20:11:46 DELETE /api/cart 502 355ms
2025-09-06 20:21:59 DELETE /api/products 200 313ms
2025-09-06 20:15:13 POST /api/orders 503 122ms
2025-09-06 20:15:15 PUT /api/payments 200 381ms
2025-09-06 20:25:38 PUT /api/products 200 69ms
2025-09-06 20:15:19 GET /api/cart 200 185ms
2025-09-06 20:18:50 POST /api/payments 200 62ms
2025-09-06 20:15:23 DELETE /api/users 401 253ms
2025-09-06 20:25:58 POST /api/payments 404 138ms
2025-09-06 20:18:59 GET /api/users 200 193ms
2025-09-06 20:22:35 POST /api/products 200 277ms
2025-09-06 20:11:57 PUT /api/products 502 239ms
2025-09-06 20:15:33 PUT /api/orders 200 178ms
2025-09-06 20:22:47 PUT /api/users 500 232ms
2025-09-06 20:15:37 POST /api/reviews 200 281ms
2025-09-06 20:26:33 GET /api/orders 502 458ms
2025-09-06 20:22:59 GET /api/cart 200 416ms
2025-09-06 20:15:43 POST /api/cart 200 227ms
2025-09-06 20:15:45 GET /api/cart 200 150ms
2025-09-06 20:23:11 POST /api/cart 200 149ms
2025-09-06 20:12:06 DELETE /api/cart 200 109ms
2025-09-06 20:23:19 DELETE /api/orders 503 387ms
2025-09-06 20:15:53 DELETE /api/orders 403 226ms
2025-09-06 20:27:13 POST /api/reviews 404 409ms
2025-09-06 20:23:31 DELETE /api/payments 401 463ms
2025-09-06 20:15:59 POST /api/orders 404 330ms
2025-09-06 20:12:12 DELETE /api/users 404 453ms
2025-09-06 20:27:33 PUT /api/products 500 392ms
2025-09-06 20:27:38 DELETE /api/payments 404 433ms
2025-09-06 20:12:15 DELETE /api/payments 401 344ms
2025-09-06 20:27:48 PUT /api/payments 503 267ms
2025-09-06 20:23:59 POST /api/orders 500 472ms
2025-09-06 20:12:18 POST /api/users 200 121ms
2025-09-06 20:16:15 DELETE /api/orders 404 438ms
2025-09-06 20:20:14 DELETE /api/reviews 200 367ms
2025-09-06 20:20:17 DELETE /api/payments 200 212ms
2025-09-06 20:20:20 POST /api/users 201 288ms
2025-09-06 20:28:23 DELETE /api/orders 200 297ms
2025-09-06 20:16:25 POST /api/reviews 403 131ms
2025-09-06 20:20:29 GET /api/payments 200 472ms
2025-09-06 20:12:26 DELETE /api/cart 400 338ms
2025-09-06 20:16:31 DELETE /api/products 200 363ms
2025-09-06 20:28:48 PUT /api/orders 502 366ms
2025-09-06 20:24:47 POST /api/users 200 160ms
2025-09-06 20:16:37 GET /api/users 503 217ms
2025-09-06 20:29:03 POST /api/reviews 403 365ms
2025-09-06 20:29:08 DELETE /api/users 401 91ms
2025-09-06 20:16:43 PUT /api/payments 503 69ms
2025-09-06 20:20:56 PUT /api/orders 200 316ms
2025-09-06 20:16:47 GET /api/orders 502 312ms
2025-09-06 20:29:28 DELETE /api/payments 200 316ms
2025-09-06 20:29:33 PUT /api/products 200 368ms
2025-09-06 20:29:38 GET /api/reviews 404 417ms
2025-09-06 20:25:27 PUT /api/users 404 469ms
2025-09-06 20:12:40 DELETE /api/payments 200 128ms
2025-09-06 20:16:59 GET /api/reviews 404 420ms
2025-09-06 20:12:42 POST /api/cart 200 325ms
2025-09-06 20:17:03 POST /api/orders 200 376ms
2025-09-06 20:30:08 DELETE /api/reviews 200 266ms
2025-09-06 20:30:13 POST /api/users 200 441ms
2025-09-06 20:17:09 POST /api/users 200 419ms
2025-09-06 20:21:35 POST /api/cart 200 455ms
2025-09-06 20:30:28 POST /api/reviews 200 484ms
2025-09-06 20:26:07 GET /api/users 400 334ms
2025-09-06 20:30:38 PUT /api/cart 200 442ms
2025-09-06 20:12:51 PUT /api/payments 500 262ms
2025-09-06 20:17:21 GET /api/orders 403 433ms
2025-09-06 20:21:53 POST /api/users 401 183ms
2025-09-06 20:26:27 PUT /api/orders 200 366ms
2025-09-06 20:12:55 DELETE /api/cart 403 117ms
2025-09-06 20:22:02 GET /api/cart 400 327ms
2025-09-06 20:17:31 DELETE /api/payments 404 184ms
2025-09-06 20:12:58 DELETE /api/orders 201 268ms
2025-09-06 20:31:23 DELETE /api/users 200 479ms
2025-09-06 20:17:37 GET /api/cart 200 165ms
2025-09-06 20:22:17 PUT /api/payments 200 328ms
2025-09-06 20:22:20 GET /api/users 200 277ms
2025-09-06 20:27:03 PUT /api/payments 404 296ms
2025-09-06 20:22:26 GET /api/payments 200 450ms
2025-09-06 20:31:53 PUT /api/orders 500 161ms
2025-09-06 20:31:58 GET /api/cart 200 96ms
2025-09-06 20:13:07 GET /api/products 200 58ms
2025-09-06 20:27:23 PUT /api/products 200 188ms
2025-09-06 20:27:27 PUT /api/cart 401 387ms
2025-09-06 20:22:44 PUT /api/cart 200 126ms
2025-09-06 20:13:11 GET /api/payments 500 174ms
2025-09-06 20:27:39 DELETE /api/reviews 201 173ms
2025-09-06 20:13:13 DELETE /api/products 200 94ms
2025-09-06 20:13:14 DELETE /api/cart 200 431ms
2025-09-06 20:32:43 GET /api/orders 200 306ms
2025-09-06 20:18:09 PUT /api/orders 404 181ms
2025-09-06 20:23:05 POST /api/reviews 200 263ms
2025-09-06 20:28:03 PUT /api/cart 200 464ms
2025-09-06 20:18:15 PUT /api/payments 200 255ms
2025-09-06 20:13:20 PUT /api/orders 500 176ms
2025-09-06 20:33:13 DELETE /api/payments 200 295ms
2025-09-06 20:18:21 GET /api/payments 400 498ms
2025-09-06 20:28:23 POST /api/reviews 400 305ms
2025-09-06 20:13:24 DELETE /api/cart 200 500ms
2025-09-06 20:13:25 GET /api/reviews 200 166ms
2025-09-06 20:33:38 POST /api/products 200 473ms
2025-09-06 20:28:39 DELETE /api/users 403 492ms
2025-09-06 20:18:33 GET /api/users 200 170ms
2025-09-06 20:13:29 POST /api/orders 200 152ms
2025-09-06 20:23:44 DELETE /api/cart 502 125ms
2025-09-06 20:23:47 PUT /api/orders 500 56ms
2025-09-06 20:23:50 PUT /api/products 200 99ms
2025-09-06 20:29:03 DELETE /api/payments 200 127ms
2025-09-06 20:29:07 POST /api/users 404 108ms
2025-09-06 20:29:11 POST /api/reviews 500 317ms
2025-09-06 20:34:28 POST /api/products 200 240ms
2025-09-06 20:24:05 DELETE /api/users 200 362ms
2025-09-06 20:24:08 PUT /api/payments 401 90ms
2025-09-06 20:29:27 POST /api/products 200 499ms
2025-09-06 20:13:40 GET /api/cart 200 253ms
2025-09-06 20:18:59 POST /api/reviews 400 103ms
2025-09-06 20:24:20 DELETE /api/users 503 441ms
2025-09-06 20:19:03 DELETE /api/payments 200 84ms
2025-09-06 20:13:44 POST /api/orders 500 177ms
2025-09-06 20:24:29 POST /api/payments 200 216ms
2025-09-06 20:13:46 DELETE /api/payments 200 456ms
2025-09-06 20:19:11 DELETE /api/reviews 200 404ms
2025-09-06 20:30:03 PUT /api/reviews 200 92ms
2025-09-06 20:13:49 DELETE /api/products 200 471ms
2025-09-06 20:13:50 PUT /api/cart 200 111ms
2025-09-06 20:30:15 GET /api/orders 200 368ms
2025-09-06 20:24:50 DELETE /api/reviews 404 52ms
2025-09-06 20:13:53 POST /api/reviews 400 149ms
2025-09-06 20:35:58 PUT /api/products 500 228ms
2025-09-06 20:36:03 POST /api/users 400 432ms
2025-09-06 20:30:35 DELETE /api/reviews 200 349ms
2025-09-06 20:30:39 POST /api/orders 401 137ms
2025-09-06 20:13:58 POST /api/cart 401 179ms
2025-09-06 20:19:35 DELETE /api/users 200 228ms
2025-09-06 20:19:37 GET /api/products 200 490ms
2025-09-06 20:36:33 DELETE /api/payments 200 379ms
2025-09-06 20:14:02 POST /api/users 200 289ms
2025-09-06 20:31:03 DELETE /api/reviews 404 203ms
2025-09-06 20:31:07 DELETE /api/payments 200 109ms
2025-09-06 20:31:11 POST /api/users 200 415ms
2025-09-06 20:14:06 PUT /api/cart 200 325ms
2025-09-06 20:37:03 POST /api/reviews 200 219ms
2025-09-06 20:14:08 POST /api/payments 200 198ms
2025-09-06 20:19:55 GET /api/payments 200 202ms
2025-09-06 20:19:57 PUT /api/users 200 57ms
2025-09-06 20:14:11 PUT /api/users 200 267ms
2025-09-06 20:37:28 POST /api/cart 200 363ms
2025-09-06 20:31:43 POST /api/cart 200 298ms
2025-09-06 20:31:47 GET /api/products 200 310ms
2025-09-06 20:25:59 DELETE /api/users 200 259ms
2025-09-06 20:26:02 GET /api/users 404 441ms
2025-09-06 20:14:17 DELETE /api/products 200 481ms
2025-09-06 20:32:03 POST /api/reviews 200 448ms
2025-09-06 20:32:07 PUT /api/orders 500 106ms
2025-09-06 20:14:20 PUT /api/cart 200 253ms
2025-09-06 20:14:21 DELETE /api/cart 200 315ms
2025-09-06 20:20:21 GET /api/reviews 200 378ms
2025-09-06 20:32:23 PUT /api/orders 200 363ms
2025-09-06 20:38:28 DELETE /api/payments 200 237ms
2025-09-06 20:38:33 PUT /api/products 201 409ms
2025-09-06 20:32:35 POST /api/users 201 263ms
2025-09-06 20:38:43 DELETE /api/orders 200 196ms
2025-09-06 20:20:33 GET /api/products 400 248ms
2025-09-06 20:38:53 POST /api/users 404 97ms
2025-09-06 20:14:30 POST /api/cart 200 220ms
2025-09-06 20:26:47 POST /api/orders 201 109ms
2025-09-06 20:20:41 GET /api/cart 404 356ms
2025-09-06 20:39:13 DELETE /api/orders 200 134ms
2025-09-06 20:33:07 POST /api/reviews 200 269ms
2025-09-06 20:20:47 DELETE /api/users 500 128ms
2025-09-06 20:39:28 POST /api/orders 404 416ms
2025-09-06 20:33:19 DELETE /api/users 200 472ms
2025-09-06 20:27:08 PUT /api/reviews 200 233ms
2025-09-06 20:33:27 POST /api/cart 400 185ms
2025-09-06 20:27:14 PUT /api/products 200 484ms
2025-09-06 20:27:17 GET /api/cart 200 458ms
2025-09-06 20:14:42 GET /api/payments 200 431ms
2025-09-06 20:21:03 POST /api/reviews 200 412ms
2025-09-06 20:33:47 POST /api/reviews 200 463ms
2025-09-06 20:33:51 DELETE /api/orders 404 166ms
2025-09-06 20:14:46 POST /api/payments 200 250ms
2025-09-06 20:21:11 POST /api/payments 200 185ms
2025-09-06 20:21:13 GET /api/cart 401 158ms
2025-09-06 20:21:15 PUT /api/users 200 85ms
2025-09-06 20:21:17 DELETE /api/reviews 200 359ms
2025-09-06 20:21:19 GET /api/orders 502 381ms
2025-09-06 20:34:19 GET /api/cart 200 98ms
2025-09-06 20:21:23 DELETE /api/products 201 156ms
2025-09-06 20:21:25 DELETE /api/products 401 323ms
2025-09-06 20:34:31 PUT /api/reviews 201 211ms
2025-09-06 20:14:56 DELETE /api/cart 200 394ms
2025-09-06 20:34:39 POST /api/cart 200 228ms
2025-09-06 20:28:08 DELETE /api/orders 200 284ms
2025-09-06 20:28:11 POST /api/reviews 201 271ms
2025-09-06 20:15:00 DELETE /api/orders 200 445ms
2025-09-06 20:34:55 POST /api/products 200 91ms
2025-09-06 20:21:41 POST /api/users 500 302ms
2025-09-06 20:15:03 POST /api/cart 200 114ms
2025-09-06 20:15:04 DELETE /api/users 200 303ms
2025-09-06 20:15:05 PUT /api/payments 200 113ms
2025-09-06 20:21:49 PUT /api/cart 200 174ms
2025-09-06 20:28:35 POST /api/orders 200 271ms
2025-09-06 20:21:53 DELETE /api/products 200 143ms
2025-09-06 20:15:09 POST /api/cart 400 317ms
2025-09-06 20:42:18 DELETE /api/users 200 192ms
2025-09-06 20:21:59 GET /api/products 200 347ms
2025-09-06 20:22:01 POST /api/orders 403 466ms
2025-09-06 20:15:13 POST /api/orders 200 395ms
2025-09-06 20:42:38 POST /api/cart 500 433ms
2025-09-06 20:42:43 PUT /api/payments 200 248ms
2025-09-06 20:35:55 GET /api/payments 200 449ms
2025-09-06 20:29:05 DELETE /api/users 201 364ms
2025-09-06 20:15:18 POST /api/orders 200 154ms
2025-09-06 20:22:15 GET /api/users 200 387ms
2025-09-06 20:29:14 DELETE /api/orders 200 326ms
2025-09-06 20:36:15 PUT /api/payments 404 225ms
2025-09-06 20:22:21 GET /api/users 200 419ms
2025-09-06 20:29:23 GET /api/orders 200 318ms
2025-09-06 20:36:27 GET /api/payments 200 357ms
2025-09-06 20:43:33 POST /api/payments 500 200ms
2025-09-06 20:43:38 DELETE /api/users 200 494ms
2025-09-06 20:29:35 POST /api/products 200 423ms
2025-09-06 20:29:38 GET /api/reviews 200 221ms
2025-09-06 20:29:41 DELETE /api/users 200 214ms
2025-09-06 20:15:30 DELETE /api/users 200 287ms
2025-09-06 20:44:03 POST /api/orders 200 399ms
2025-09-06 20:44:08 GET /api/reviews 200 61ms
2025-09-06 20:15:33 DELETE /api/users 200 241ms
2025-09-06 20:29:56 DELETE /api/cart 200 387ms
2025-09-06 20:22:47 GET /api/users 200 342ms
2025-09-06 20:22:49 POST /api/reviews 200 52ms
2025-09-06 20:37:19 POST /api/reviews 200 399ms
2025-09-06 20:15:38 PUT /api/payments 200 235ms
2025-09-06 20:22:55 DELETE /api/payments 404 240ms
2025-09-06 20:15:40 DELETE /api/users 200 143ms
2025-09-06 20:37:35 POST /api/users 201 84ms
2025-09-06 20:15:42 GET /api/orders 200 449ms
2025-09-06 20:30:23 GET /api/users 200 78ms
2025-09-06 20:45:08 POST /api/reviews 201 85ms
2025-09-06 20:45:13 PUT /api/orders 200 175ms
2025-09-06 20:30:32 POST /api/products 200 364ms
2025-09-06 20:15:47 POST /api/payments 401 381ms
2025-09-06 20:15:48 GET /api/reviews 200 447ms
2025-09-06 20:15:49 PUT /api/orders 200 483ms
2025-09-06 20:30:44 GET /api/users 200 166ms
2025-09-06 20:38:15 GET /api/reviews 400 493ms
2025-09-06 20:30:50 POST /api/products 200 415ms
2025-09-06 20:38:23 DELETE /api/cart 200 443ms
2025-09-06 20:38:27 POST /api/products 200 489ms
2025-09-06 20:46:03 GET /api/reviews 200 115ms
2025-09-06 20:31:02 GET /api/payments 200 161ms
2025-09-06 20:31:05 PUT /api/reviews 200 327ms
2025-09-06 20:23:33 DELETE /api/products 200 312ms
2025-09-06 20:31:11 DELETE /api/cart 200 142ms
2025-09-06 20:46:28 DELETE /api/products 200 286ms
2025-09-06 20:23:39 DELETE /api/users 200 218ms
2025-09-06 20:23:41 POST /api/products 200 270ms
2025-09-06 20:31:23 PUT /api/payments 200 229ms
2025-09-06 20:31:26 PUT /api/users 201 57ms
2025-09-06 20:31:29 PUT /api/reviews 200 371ms
2025-09-06 20:46:58 DELETE /api/products 400 383ms
2025-09-06 20:23:51 PUT /api/reviews 200 195ms
2025-09-06 20:47:08 POST /api/payments 200 89ms
2025-09-06 20:16:09 PUT /api/cart 500 490ms
2025-09-06 20:16:10 PUT /api/orders 200 152ms
2025-09-06 20:47:23 GET /api/payments 200 168ms
2025-09-06 20:31:50 GET /api/cart 200 305ms
2025-09-06 20:24:03 POST /api/payments 200 194ms
2025-09-06 20:24:05 GET /api/orders 200 100ms
2025-09-06 20:31:59 PUT /api/payments 404 180ms
2025-09-06 20:24:09 DELETE /api/reviews 200 448ms
2025-09-06 20:47:53 POST /api/payments 200 77ms
2025-09-06 20:47:58 PUT /api/users 200 283ms
2025-09-06 20:32:11 DELETE /api/payments 200 230ms
2025-09-06 20:32:14 DELETE /api/orders 403 478ms
2025-09-06 20:32:17 DELETE /api/reviews 403 217ms
2025-09-06 20:48:18 DELETE /api/products 200 469ms
2025-09-06 20:40:23 PUT /api/products 200 289ms
2025-09-06 20:32:26 GET /api/orders 200 134ms
2025-09-06 20:40:31 POST /api/orders 200 237ms
2025-09-06 20:40:35 DELETE /api/cart 200 87ms
2025-09-06 20:48:43 DELETE /api/users 503 482ms
2025-09-06 20:24:33 POST /api/reviews 200 118ms
2025-09-06 20:16:29 DELETE /api/users 403 217ms
2025-09-06 20:16:30 PUT /api/cart 503 254ms
2025-09-06 20:40:55 PUT /api/users 200 412ms
2025-09-06 20:49:08 DELETE /api/orders 500 392ms
2025-09-06 20:24:43 GET /api/users 404 390ms
2025-09-06 20:49:18 PUT /api/payments 200 262ms
2025-09-06 20:24:47 POST /api/orders 200 223ms
2025-09-06 20:49:28 GET /api/users 503 246ms
2025-09-06 20:49:33 GET /api/cart 200 396ms
2025-09-06 20:16:38 PUT /api/reviews 200 468ms
2025-09-06 20:41:27 PUT /api/products 200 408ms
2025-09-06 20:49:48 POST /api/products 200 249ms
2025-09-06 20:49:53 POST /api/users 404 60ms
2025-09-06 20:33:20 POST /api/products 200 374ms
2025-09-06 20:50:03 GET /api/products 200 52ms
2025-09-06 20:25:05 PUT /api/products 200 197ms
2025-09-06 20:41:51 DELETE /api/cart 201 391ms
2025-09-06 20:25:09 DELETE /api/orders 200 413ms
2025-09-06 20:25:11 GET /api/payments 200 248ms
2025-09-06 20:42:03 PUT /api/payments 404 443ms
2025-09-06 20:42:07 PUT /api/orders 200 288ms
2025-09-06 20:50:38 POST /api/users 502 176ms
2025-09-06 20:50:43 PUT /api/orders 200 251ms
2025-09-06 20:42:19 GET /api/orders 200 187ms
2025-09-06 20:25:23 GET /api/orders 200 263ms
2025-09-06 20:33:56 GET /api/reviews 200 67ms
2025-09-06 20:16:55 DELETE /api/orders 200 429ms
2025-09-06 20:16:56 POST /api/orders 200 188ms
2025-09-06 20:34:05 POST /api/products 200 69ms
2025-09-06 20:51:18 PUT /api/users 404 434ms
2025-09-06 20:42:47 DELETE /api/users 200 294ms
2025-09-06 20:17:00 DELETE /api/payments 200 89ms
2025-09-06 20:42:55 GET /api/cart 200 153ms
2025-09-06 20:17:02 PUT /api/reviews 403 361ms
2025-09-06 20:17:03 POST /api/products 200 171ms
2025-09-06 20:43:07 POST /api/cart 401 283ms
2025-09-06 20:17:05 POST /api/orders 404 232ms
2025-09-06 20:51:58 PUT /api/payments 403 324ms
2025-09-06 20:34:35 GET /api/users 404 429ms
2025-09-06 20:25:53 POST /api/reviews 404 224ms
2025-09-06 20:25:55 GET /api/users 200 79ms
2025-09-06 20:25:57 GET /api/payments 404 214ms
2025-09-06 20:52:23 DELETE /api/reviews 200 388ms
2025-09-06 20:43:39 GET /api/orders 200 237ms
2025-09-06 20:17:13 DELETE /api/cart 200 381ms
2025-09-06 20:52:38 DELETE /api/orders 200 345ms
2025-09-06 20:34:59 DELETE /api/orders 200 257ms
2025-09-06 20:52:48 DELETE /api/orders 200 269ms
2025-09-06 20:43:59 POST /api/orders 502 255ms
2025-09-06 20:17:18 POST /api/products 200 110ms
2025-09-06 20:44:07 PUT /api/reviews 200 371ms
2025-09-06 20:26:17 POST /api/orders 200 157ms
2025-09-06 20:26:19 PUT /api/reviews 200 284ms
2025-09-06 20:26:21 POST /api/cart 200 152ms
2025-09-06 20:35:23 DELETE /api/cart 200 247ms
2025-09-06 20:35:26 POST /api/payments 200 310ms
2025-09-06 20:26:27 DELETE /api/payments 200 171ms
2025-09-06 20:35:32 GET /api/cart 401 286ms
2025-09-06 20:26:31 DELETE /api/users 200 419ms
2025-09-06 20:53:48 GET /api/products 200 89ms
2025-09-06 20:17:29 DELETE /api/products 200 410ms
2025-09-06 20:17:30 GET /api/payments 200 318ms
2025-09-06 20:26:39 GET /api/users 404 405ms
2025-09-06 20:17:32 PUT /api/orders 200 423ms
2025-09-06 20:35:53 GET /api/products 500 359ms
2025-09-06 20:17:34 GET /api/products 200 277ms
2025-09-06 20:45:11 PUT /api/products 503 238ms
2025-09-06 20:36:02 DELETE /api/users 400 60ms
2025-09-06 20:26:51 POST /api/cart 200 238ms
2025-09-06 20:45:23 GET /api/cart 200 143ms
2025-09-06 20:36:11 POST /api/products 201 206ms
2025-09-06 20:45:31 GET /api/cart 401 456ms
2025-09-06 20:17:41 DELETE /api/orders 500 362ms
2025-09-06 20:54:58 PUT /api/orders 200 300ms
2025-09-06 20:55:03 GET /api/products 400 156ms
2025-09-06 20:36:26 DELETE /api/orders 200 69ms
2025-09-06 20:55:13 POST /api/payments 404 293ms
2025-09-06 20:36:32 GET /api/payments 200 254ms
2025-09-06 20:45:59 DELETE /api/products 200 499ms
2025-09-06 20:17:48 GET /api/reviews 200 401ms
2025-09-06 20:36:41 GET /api/users 200 123ms
2025-09-06 20:17:50 PUT /api/reviews 502 203ms
2025-09-06 20:27:19 POST /api/orders 403 145ms
2025-09-06 20:17:52 POST /api/reviews 502 114ms
2025-09-06 20:46:23 POST /api/users 404 144ms
2025-09-06 20:17:54 GET /api/cart 502 334ms
2025-09-06 20:27:27 PUT /api/orders 200 412ms
2025-09-06 20:17:56 GET /api/cart 200 241ms
2025-09-06 20:56:13 GET /api/cart 404 117ms
2025-09-06 20:27:33 DELETE /api/users 500 210ms
2025-09-06 20:17:59 DELETE /api/cart 200 52ms
2025-09-06 20:46:51 GET /api/payments 200 210ms
2025-09-06 20:56:33 GET /api/products 200 179ms
2025-09-06 20:37:20 PUT /api/products 503 250ms
2025-09-06 20:47:03 DELETE /api/payments 502 165ms
2025-09-06 20:47:07 DELETE /api/payments 401 499ms
2025-09-06 20:18:05 PUT /api/reviews 503 276ms
2025-09-06 20:47:15 PUT /api/payments 201 321ms
2025-09-06 20:57:03 POST /api/cart 500 214ms
2025-09-06 20:57:08 DELETE /api/cart 200 470ms
2025-09-06 20:57:13 GET /api/cart 404 438ms
2025-09-06 20:27:57 PUT /api/cart 500 326ms
2025-09-06 20:37:47 GET /api/orders 500 108ms
2025-09-06 20:28:01 GET /api/orders 404 282ms
2025-09-06 20:47:43 DELETE /api/cart 403 348ms
2025-09-06 20:28:05 PUT /api/products 200 283ms
2025-09-06 20:47:51 DELETE /api/orders 201 437ms
2025-09-06 20:38:02 PUT /api/cart 404 64ms
2025-09-06 20:47:59 PUT /api/cart 200 225ms
2025-09-06 20:28:13 DELETE /api/reviews 200 319ms
2025-09-06 20:48:07 GET /api/payments 400 237ms
2025-09-06 20:58:08 PUT /api/reviews 200 69ms
2025-09-06 20:28:19 GET /api/payments 401 463ms
2025-09-06 20:28:21 PUT /api/users 200 75ms
2025-09-06 20:48:23 GET /api/users 400 297ms
2025-09-06 20:38:26 DELETE /api/orders 200 277ms
2025-09-06 20:18:25 DELETE /api/orders 200 188ms
2025-09-06 20:58:38 GET /api/users 200 143ms
2025-09-06 20:58:43 DELETE /api/reviews 200 396ms
2025-09-06 20:18:28 DELETE /api/cart 200 293ms
2025-09-06 20:38:41 POST /api/reviews 200 212ms
2025-09-06 20:38:44 DELETE /api/cart 200 79ms
2025-09-06 20:28:39 DELETE /api/cart 200 71ms
2025-09-06 20:59:08 DELETE /api/payments 404 414ms
2025-09-06 20:38:53 PUT /api/products 200 484ms
2025-09-06 20:28:45 PUT /api/orders 200 331ms
2025-09-06 20:38:59 GET /api/cart 200 439ms
2025-09-06 20:59:28 POST /api/orders 400 383ms
2025-09-06 20:18:37 DELETE /api/payments 200 129ms
2025-09-06 20:39:08 DELETE /api/cart 200 141ms
2025-09-06 20:49:27 GET /api/users 403 479ms
2025-09-06 20:18:40 POST /api/products 200 327ms
2025-09-06 20:39:17 GET /api/products 502 195ms
2025-09-06 20:49:39 POST /api/payments 200 161ms
2025-09-06 20:18:43 POST /api/cart 200 154ms
2025-09-06 21:00:08 GET /api/cart 200 224ms
2025-09-06 20:39:29 GET /api/reviews 200 263ms
2025-09-06 20:39:32 POST /api/users 200 149ms
2025-09-06 21:00:23 GET /api/payments 404 482ms
2025-09-06 21:00:28 GET /api/orders 200 207ms
2025-09-06 21:00:33 GET /api/orders 404 454ms
2025-09-06 20:39:44 PUT /api/orders 200 249ms
2025-09-06 21:00:43 PUT /api/orders 200 262ms
2025-09-06 20:29:21 PUT /api/cart 200 173ms
2025-09-06 20:29:23 PUT /api/users 200 237ms
2025-09-06 20:18:54 DELETE /api/orders 200 113ms
2025-09-06 21:01:03 GET /api/cart 200 147ms
2025-09-06 20:18:56 DELETE /api/users 200 424ms
2025-09-06 20:40:05 PUT /api/orders 200 344ms
2025-09-06 20:18:58 GET /api/payments 403 318ms
2025-09-06 20:40:11 DELETE /api/orders 200 409ms
2025-09-06 20:40:14 DELETE /api/reviews 403 361ms
2025-09-06 20:19:01 DELETE /api/cart 200 238ms
2025-09-06 20:29:41 GET /api/orders 500 324ms
2025-09-06 20:40:23 GET /api/reviews 200 53ms
2025-09-06 20:19:04 POST /api/cart 400 289ms
2025-09-06 20:19:05 GET /api/users 200 189ms
2025-09-06 20:51:15 PUT /api/orders 200 198ms
2025-09-06 20:51:19 DELETE /api/payments 200 329ms
2025-09-06 20:40:38 DELETE /api/products 200 58ms
2025-09-06 20:51:27 DELETE /api/products 404 218ms
2025-09-06 20:51:31 PUT /api/orders 200 245ms
2025-09-06 20:19:11 POST /api/cart 200 426ms
2025-09-06 20:19:12 POST /api/payments 200 236ms
2025-09-06 20:19:13 GET /api/payments 200 327ms
2025-09-06 20:51:47 GET /api/products 200 271ms
2025-09-06 20:40:59 POST /api/cart 200 207ms
2025-09-06 20:41:02 POST /api/payments 200 474ms
2025-09-06 20:41:05 POST /api/users 400 216ms
2025-09-06 20:41:08 POST /api/orders 200 332ms
2025-09-06 20:19:19 POST /api/payments 201 133ms
2025-09-06 20:19:20 GET /api/products 200 480ms
2025-09-06 20:19:21 POST /api/orders 200 250ms
2025-09-06 20:41:20 POST /api/reviews 200 423ms
2025-09-06 20:41:23 GET /api/payments 201 484ms
2025-09-06 20:30:25 DELETE /api/cart 200 121ms
2025-09-06 21:03:33 PUT /api/products 200 408ms
2025-09-06 21:03:38 PUT /api/users 200 150ms
2025-09-06 20:19:27 PUT /api/products 200 175ms
2025-09-06 21:03:48 POST /api/cart 200 250ms
2025-09-06 20:19:29 DELETE /api/payments 200 82ms
2025-09-06 20:30:37 DELETE /api/products 201 462ms
2025-09-06 20:52:55 DELETE /api/payments 200 412ms
2025-09-06 20:52:59 GET /api/products 201 92ms
2025-09-06 20:19:33 POST /api/reviews 200 162ms
2025-09-06 20:53:07 DELETE /api/users 200 256ms
2025-09-06 20:30:47 GET /api/users 200 368ms
2025-09-06 21:04:28 GET /api/orders 400 319ms
2025-09-06 20:42:05 POST /api/users 200 190ms
2025-09-06 20:53:23 POST /api/orders 200 91ms
2025-09-06 20:19:39 POST /api/products 502 500ms
2025-09-06 20:30:57 GET /api/reviews 200 195ms
2025-09-06 21:04:53 POST /api/reviews 503 310ms
2025-09-06 20:53:39 POST /api/users 200 420ms
2025-09-06 21:05:03 DELETE /api/reviews 400 99ms
2025-09-06 20:19:44 DELETE /api/cart 200 407ms
2025-09-06 20:19:45 DELETE /api/payments 503 336ms
2025-09-06 20:19:46 PUT /api/reviews 200 86ms
2025-09-06 20:31:11 GET /api/cart 200 438ms
2025-09-06 20:42:38 PUT /api/products 200 349ms
2025-09-06 21:05:33 DELETE /api/reviews 400 404ms
2025-09-06 20:54:11 DELETE /api/products 200 265ms
2025-09-06 20:31:19 POST /api/orders 404 217ms
2025-09-06 21:05:48 DELETE /api/reviews 200 211ms
2025-09-06 21:05:53 GET /api/reviews 200 157ms
2025-09-06 20:54:27 POST /api/payments 404 380ms
2025-09-06 20:19:55 DELETE /api/products 200 462ms
2025-09-06 21:06:08 POST /api/payments 400 498ms
2025-09-06 20:43:05 DELETE /api/users 200 100ms
2025-09-06 20:19:58 POST /api/products 200 153ms
2025-09-06 20:54:47 DELETE /api/reviews 200 312ms
2025-09-06 20:20:00 DELETE /api/products 200 175ms
2025-09-06 20:54:55 POST /api/products 200 203ms
2025-09-06 20:43:20 DELETE /api/products 200 443ms
2025-09-06 20:55:03 DELETE /api/payments 201 429ms
2025-09-06 21:06:48 PUT /api/cart 201 326ms
2025-09-06 20:43:29 GET /api/reviews 200 84ms
2025-09-06 20:43:32 GET /api/orders 401 247ms
2025-09-06 20:55:19 POST /api/products 403 303ms
2025-09-06 20:43:38 POST /api/cart 500 380ms
2025-09-06 20:20:09 GET /api/cart 200 411ms
2025-09-06 21:07:18 POST /api/orders 404 279ms
2025-09-06 20:55:35 PUT /api/cart 200 353ms
2025-09-06 20:20:12 DELETE /api/users 200 210ms
2025-09-06 20:43:53 GET /api/orders 502 486ms
2025-09-06 20:32:05 DELETE /api/users 200 301ms
2025-09-06 20:32:07 DELETE /api/payments 404 166ms
2025-09-06 20:55:55 PUT /api/products 400 182ms
2025-09-06 20:20:17 GET /api/payments 200 474ms
2025-09-06 20:32:13 POST /api/payments 200 112ms
2025-09-06 20:32:15 DELETE /api/payments 404 279ms
2025-09-06 20:56:11 POST /api/reviews 401 140ms
2025-09-06 20:20:21 PUT /api/orders 200 222ms
2025-09-06 20:32:21 PUT /api/payments 200 298ms
2025-09-06 20:32:23 GET /api/cart 200 114ms
2025-09-06 21:08:28 DELETE /api/orders 404 279ms
2025-09-06 20:56:31 DELETE /api/products 200 355ms
2025-09-06 20:56:35 GET /api/products 404 492ms
2025-09-06 20:32:31 PUT /api/reviews 200 352ms
2025-09-06 20:32:33 PUT /api/users 200 93ms
2025-09-06 20:56:47 DELETE /api/reviews 200 141ms
2025-09-06 20:56:51 POST /api/products 200 274ms
2025-09-06 20:44:47 PUT /api/orders 200 100ms
2025-09-06 20:20:32 POST /api/users 500 472ms
2025-09-06 20:44:53 GET /api/users 200 266ms
2025-09-06 21:09:18 PUT /api/users 200 315ms
2025-09-06 20:57:11 GET /api/users 201 443ms
2025-09-06 20:57:15 GET /api/products 201 176ms
2025-09-06 21:09:33 POST /api/orders 201 312ms
2025-09-06 20:32:53 GET /api/payments 400 480ms
2025-09-06 21:09:43 GET /api/orders 200 220ms
2025-09-06 20:32:57 DELETE /api/orders 400 163ms
2025-09-06 20:20:41 PUT /api/products 404 217ms
2025-09-06 20:45:20 POST /api/orders 404 164ms
2025-09-06 20:20:43 PUT /api/orders 403 255ms
2025-09-06 20:57:47 POST /api/products 500 150ms
2025-09-06 21:10:13 POST /api/users 200 230ms
2025-09-06 20:33:09 GET /api/orders 404 184ms
2025-09-06 20:33:11 DELETE /api/orders 200 95ms
2025-09-06 21:10:28 GET /api/products 200 396ms
2025-09-06 20:45:41 DELETE /api/products 200 159ms
2025-09-06 21:10:38 GET /api/orders 403 72ms
2025-09-06 20:58:15 PUT /api/payments 200 334ms
2025-09-06 21:10:48 GET /api/orders 404 439ms
2025-09-06 20:58:23 DELETE /api/users 200 499ms
2025-09-06 20:33:25 GET /api/orders 500 113ms
2025-09-06 20:45:59 GET /api/orders 200 414ms
2025-09-06 20:33:29 DELETE /api/products 200 278ms
2025-09-06 21:11:13 PUT /api/products 200 149ms
2025-09-06 20:58:43 GET /api/orders 200 424ms
2025-09-06 20:33:35 DELETE /api/users 200 368ms
2025-09-06 20:33:37 GET /api/reviews 403 135ms
2025-09-06 20:46:17 POST /api/users 201 142ms
2025-09-06 20:21:02 DELETE /api/products 401 174ms
2025-09-06 20:33:43 PUT /api/users 200 234ms
2025-09-06 21:11:48 POST /api/payments 200 68ms
2025-09-06 20:33:47 GET /api/cart 401 224ms
2025-09-06 20:21:06 PUT /api/users 404 214ms
2025-09-06 20:59:19 PUT /api/reviews 200 199ms
2025-09-06 20:21:08 PUT /api/reviews 404 58ms
2025-09-06 20:33:55 POST /api/cart 200 90ms
2025-09-06 21:12:18 POST /api/orders 200 259ms
2025-09-06 20:21:11 POST /api/payments 200 349ms
2025-09-06 20:59:39 DELETE /api/products 201 335ms
2025-09-06 20:46:53 PUT /api/reviews 502 358ms
2025-09-06 21:12:38 DELETE /api/cart 200 130ms
2025-09-06 20:59:51 PUT /api/products 500 101ms
2025-09-06 20:21:16 POST /api/reviews 200 483ms
2025-09-06 20:59:59 PUT /api/users 404 284ms
2025-09-06 20:21:18 GET /api/cart 200 371ms
2025-09-06 21:13:03 POST /api/payments 200 215ms
2025-09-06 21:00:11 DELETE /api/orders 200 140ms
2025-09-06 20:34:19 GET /api/products 403 343ms
2025-09-06 20:47:20 DELETE /api/products 200 208ms
2025-09-06 20:21:23 POST /api/users 200 175ms
2025-09-06 20:47:26 POST /api/cart 200 284ms
2025-09-06 20:34:27 DELETE /api/orders 403 287ms
2025-09-06 20:21:26 POST /api/orders 200 470ms
2025-09-06 20:34:31 DELETE /api/users 500 457ms
2025-09-06 20:21:28 PUT /api/reviews 400 210ms
2025-09-06 20:47:41 GET /api/reviews 401 434ms
2025-09-06 20:21:30 DELETE /api/users 200 105ms
2025-09-06 20:47:47 DELETE /api/products 403 278ms
2025-09-06 20:34:41 GET /api/payments 200 241ms
2025-09-06 20:34:43 GET /api/products 200 285ms
2025-09-06 20:21:34 GET /api/payments 200 425ms
2025-09-06 20:34:47 PUT /api/cart 400 424ms
2025-09-06 21:01:15 PUT /api/users 400 187ms
2025-09-06 21:01:19 POST /api/users 404 401ms
2025-09-06 20:21:38 POST /api/reviews 201 228ms
2025-09-06 20:48:11 POST /api/reviews 500 84ms
2025-09-06 20:34:57 GET /api/products 200 211ms
2025-09-06 20:21:41 POST /api/reviews 201 344ms
2025-09-06 21:14:58 GET /api/cart 404 138ms
2025-09-06 20:35:03 PUT /api/users 200 331ms
2025-09-06 20:35:05 GET /api/reviews 500 147ms
2025-09-06 21:01:51 POST /api/products 200 416ms
2025-09-06 21:15:18 GET /api/users 200 363ms
2025-09-06 20:48:35 GET /api/users 200 227ms
2025-09-06 20:35:13 DELETE /api/users 201 247ms
2025-09-06 20:35:15 POST /api/products 200 310ms
2025-09-06 21:15:38 PUT /api/cart 201 236ms
2025-09-06 20:21:51 DELETE /api/reviews 200 111ms
2025-09-06 20:35:21 DELETE /api/reviews 200 249ms
2025-09-06 21:02:23 PUT /api/products 200 394ms
2025-09-06 20:35:25 PUT /api/orders 500 105ms
2025-09-06 21:16:03 DELETE /api/orders 400 193ms
2025-09-06 21:02:35 GET /api/cart 404 445ms
2025-09-06 21:02:39 DELETE /api/orders 400 200ms
2025-09-06 21:16:18 PUT /api/reviews 200 62ms
2025-09-06 20:21:59 DELETE /api/users 201 145ms
2025-09-06 20:49:14 GET /api/orders 403 402ms
2025-09-06 20:35:39 DELETE /api/products 200 315ms
2025-09-06 21:16:38 POST /api/cart 401 214ms
2025-09-06 21:16:43 PUT /api/payments 200 273ms
2025-09-06 20:22:04 DELETE /api/payments 400 450ms
2025-09-06 21:03:11 DELETE /api/payments 200 210ms
2025-09-06 20:49:32 DELETE /api/cart 200 377ms
2025-09-06 20:49:35 GET /api/products 403 376ms
2025-09-06 20:49:38 PUT /api/payments 200 56ms
2025-09-06 20:49:41 DELETE /api/orders 200 476ms
2025-09-06 20:22:10 POST /api/products 404 410ms
2025-09-06 20:49:47 GET /api/products 200 245ms
2025-09-06 20:36:01 PUT /api/products 200 98ms
2025-09-06 20:22:13 POST /api/orders 404 332ms
2025-09-06 21:03:47 POST /api/payments 200 161ms
2025-09-06 20:36:07 DELETE /api/cart 200 264ms
2025-09-06 20:50:02 GET /api/reviews 403 217ms
2025-09-06 20:22:17 GET /api/products 200 147ms
2025-09-06 21:04:03 DELETE /api/orders 200 123ms
2025-09-06 20:22:19 DELETE /api/orders 200 182ms
2025-09-06 20:36:17 PUT /api/orders 500 478ms
2025-09-06 20:50:17 DELETE /api/reviews 200 374ms
2025-09-06 20:50:20 PUT /api/cart 201 494ms
2025-09-06 20:22:23 GET /api/products 403 426ms
2025-09-06 21:18:28 DELETE /api/products 502 435ms
2025-09-06 20:50:29 DELETE /api/orders 200 388ms
2025-09-06 20:36:29 PUT /api/payments 401 374ms
2025-09-06 20:50:35 POST /api/users 200 362ms
2025-09-06 20:50:38 GET /api/users 404 307ms
2025-09-06 20:50:41 POST /api/payments 200 95ms
2025-09-06 20:22:30 DELETE /api/payments 200 310ms
2025-09-06 20:50:47 DELETE /api/products 404 174ms
2025-09-06 21:19:08 PUT /api/reviews 200 205ms
2025-09-06 20:22:33 GET /api/products 200 70ms
2025-09-06 21:05:07 GET /api/payments 500 365ms
2025-09-06 20:50:59 DELETE /api/products 401 295ms
2025-09-06 21:05:15 PUT /api/products 200 306ms
2025-09-06 21:19:33 POST /api/cart 200 211ms
2025-09-06 20:36:53 GET /api/orders 500 362ms
2025-09-06 20:36:55 POST /api/users 200 265ms
2025-09-06 20:36:57 POST /api/reviews 502 374ms
2025-09-06 20:51:17 PUT /api/users 200 66ms
2025-09-06 20:22:42 PUT /api/payments 200 226ms
2025-09-06 21:20:03 GET /api/reviews 200 233ms
2025-09-06 20:22:44 GET /api/payments 401 401ms
2025-09-06 21:05:51 DELETE /api/reviews 200 336ms
2025-09-06 21:20:18 DELETE /api/reviews 200 383ms
2025-09-06 21:20:23 DELETE /api/reviews 500 322ms
2025-09-06 21:06:03 POST /api/reviews 200 128ms
2025-09-06 20:51:41 PUT /api/reviews 401 56ms
2025-09-06 20:37:17 POST /api/payments 200 294ms
2025-09-06 20:22:51 POST /api/users 200 179ms
2025-09-06 20:51:50 DELETE /api/products 200 102ms
2025-09-06 21:06:23 GET /api/orders 503 230ms
2025-09-06 21:20:58 GET /api/payments 200 84ms
2025-09-06 20:37:27 PUT /api/cart 401 429ms
2025-09-06 21:06:35 PUT /api/products 200 123ms
2025-09-06 21:21:13 POST /api/payments 200 343ms
2025-09-06 21:21:18 POST /api/reviews 200 54ms
2025-09-06 20:22:59 DELETE /api/cart 200 280ms
2025-09-06 20:52:14 DELETE /api/products 500 384ms
2025-09-06 21:21:33 PUT /api/cart 201 55ms
2025-09-06 21:21:38 GET /api/cart 201 181ms
2025-09-06 21:07:03 POST /api/cart 400 155ms
2025-09-06 20:23:04 POST /api/cart 200 223ms
2025-09-06 21:07:11 GET /api/products 200 172ms
2025-09-06 21:21:58 PUT /api/orders 401 478ms
2025-09-06 21:07:19 GET /api/orders 200 158ms
2025-09-06 20:37:53 DELETE /api/payments 200 165ms
2025-09-06 20:23:09 DELETE /api/payments 200 434ms
2025-09-06 20:52:44 POST /api/cart 200 421ms
2025-09-06 20:23:11 GET /api/products 200 354ms
2025-09-06 20:52:50 GET /api/payments 403 489ms
2025-09-06 20:38:03 POST /api/orders 200 443ms
2025-09-06 21:07:47 DELETE /api/orders 200 364ms
2025-09-06 21:22:43 POST /api/products 200 354ms
2025-09-06 20:23:16 DELETE /api/orders 500 496ms
2025-09-06 21:07:59 PUT /api/payments 200 413ms
2025-09-06 20:23:18 PUT /api/orders 200 460ms
2025-09-06 20:53:11 POST /api/products 404 373ms
2025-09-06 20:23:20 GET /api/cart 502 182ms
2025-09-06 20:38:19 POST /api/payments 200 256ms
2025-09-06 20:53:20 POST /api/orders 200 350ms
2025-09-06 21:08:23 GET /api/orders 500 405ms
2025-09-06 20:53:26 POST /api/cart 500 127ms
2025-09-06 21:23:33 PUT /api/products 200 397ms
2025-09-06 21:08:35 PUT /api/users 401 307ms
2025-09-06 20:38:31 DELETE /api/orders 201 79ms
2025-09-06 21:23:48 DELETE /api/orders 200 360ms
2025-09-06 21:08:47 PUT /api/reviews 200 360ms
2025-09-06 20:23:30 DELETE /api/reviews 200 62ms
2025-09-06 20:53:47 DELETE /api/payments 200 361ms
2025-09-06 20:38:41 GET /api/users 200 129ms
2025-09-06 21:09:03 DELETE /api/orders 401 338ms
2025-09-06 21:09:07 POST /api/reviews 200 106ms
2025-09-06 21:24:23 DELETE /api/products 200 336ms
2025-09-06 21:24:28 POST /api/reviews 200 193ms
2025-09-06 21:24:33 POST /api/cart 200 57ms
2025-09-06 21:24:38 DELETE /api/products 201 494ms
2025-09-06 21:24:43 POST /api/payments 200 439ms
2025-09-06 20:23:40 DELETE /api/products 200 65ms
2025-09-06 20:23:41 GET /api/payments 201 81ms
2025-09-06 21:24:58 PUT /api/users 200 336ms
2025-09-06 20:39:03 GET /api/orders 400 217ms
2025-09-06 20:23:44 POST /api/users 200 362ms
2025-09-06 20:39:07 DELETE /api/reviews 400 422ms
2025-09-06 20:54:32 POST /api/reviews 200 265ms
2025-09-06 20:23:47 DELETE /api/users 200 182ms
2025-09-06 20:54:38 POST /api/reviews 200 456ms
2025-09-06 21:25:33 DELETE /api/reviews 500 314ms
2025-09-06 20:23:50 POST /api/payments 404 448ms
2025-09-06 20:23:51 PUT /api/orders 200 129ms
2025-09-06 21:25:48 DELETE /api/products 500 85ms
2025-09-06 21:10:23 GET /api/users 200 401ms
2025-09-06 21:10:27 DELETE /api/products 200 92ms
2025-09-06 20:54:59 DELETE /api/cart 400 392ms
2025-09-06 21:26:08 GET /api/users 200 210ms
2025-09-06 20:55:05 GET /api/orders 201 173ms
2025-09-06 20:55:08 GET /api/reviews 200 193ms
2025-09-06 21:10:47 GET /api/reviews 400 364ms
2025-09-06 21:10:51 GET /api/payments 200 88ms
2025-09-06 21:26:33 GET /api/orders 200 336ms
2025-09-06 20:24:02 GET /api/cart 401 436ms
2025-09-06 20:55:23 GET /api/users 201 115ms
2025-09-06 21:26:48 PUT /api/orders 200 91ms
2025-09-06 21:26:53 DELETE /api/users 201 76ms
2025-09-06 21:11:15 POST /api/orders 200 364ms
2025-09-06 20:55:35 PUT /api/cart 502 176ms
2025-09-06 20:55:38 GET /api/cart 200 72ms
2025-09-06 20:55:41 DELETE /api/users 404 67ms
2025-09-06 21:27:18 GET /api/orders 200 87ms
2025-09-06 21:11:35 DELETE /api/reviews 400 355ms
2025-09-06 20:55:50 PUT /api/cart 200 59ms
2025-09-06 20:40:03 POST /api/users 200 69ms
2025-09-06 20:24:14 DELETE /api/cart 200 67ms
2025-09-06 21:11:51 GET /api/orders 200 325ms
2025-09-06 20:56:02 GET /api/products 400 360ms
2025-09-06 20:24:17 GET /api/orders 200 58ms
2025-09-06 20:56:08 PUT /api/users 200 402ms
2025-09-06 21:12:07 DELETE /api/reviews 401 321ms
2025-09-06 21:12:11 DELETE /api/products 200 154ms
2025-09-06 21:28:13 GET /api/products 200 335ms
2025-09-06 20:24:22 DELETE /api/products 200 169ms
2025-09-06 20:24:23 GET /api/users 200 151ms
2025-09-06 21:12:27 DELETE /api/users 503 482ms
2025-09-06 21:12:31 PUT /api/payments 500 457ms
2025-09-06 20:24:26 GET /api/products 200 361ms
2025-09-06 21:12:39 GET /api/reviews 200 191ms
2025-09-06 20:40:33 POST /api/payments 404 433ms
2025-09-06 20:24:29 PUT /api/payments 200 358ms
2025-09-06 21:12:51 POST /api/orders 404 477ms
2025-09-06 21:12:55 GET /api/orders 500 246ms
2025-09-06 21:12:59 PUT /api/products 200 264ms
2025-09-06 20:40:43 PUT /api/reviews 500 397ms
2025-09-06 21:13:07 GET /api/orders 200 201ms
2025-09-06 20:24:35 DELETE /api/orders 200 287ms
2025-09-06 20:40:49 GET /api/products 200 451ms
2025-09-06 20:57:05 GET /api/reviews 200 91ms
2025-09-06 20:57:08 GET /api/users 200 464ms
2025-09-06 21:13:27 GET /api/products 401 106ms
2025-09-06 21:29:48 POST /api/orders 200 396ms
2025-09-06 21:13:35 GET /api/products 500 490ms
2025-09-06 20:24:42 PUT /api/cart 200 109ms
2025-09-06 20:57:23 GET /api/users 401 353ms
2025-09-06 21:30:08 GET /api/payments 200 319ms
2025-09-06 20:24:45 DELETE /api/users 404 381ms
2025-09-06 20:57:32 GET /api/orders 200 117ms
2025-09-06 21:13:59 DELETE /api/payments 403 310ms
2025-09-06 20:24:48 PUT /api/cart 403 213ms
2025-09-06 20:57:41 POST /api/users 200 308ms
2025-09-06 20:57:44 POST /api/orders 200 217ms
2025-09-06 21:30:43 GET /api/users 200 320ms
2025-09-06 21:30:48 DELETE /api/cart 404 442ms
2025-09-06 21:14:23 POST /api/cart 201 168ms
2025-09-06 20:41:25 PUT /api/cart 200 93ms
2025-09-06 20:24:55 GET /api/orders 200 224ms
2025-09-06 21:31:08 GET /api/reviews 404 414ms
2025-09-06 21:31:13 GET /api/orders 200 465ms
2025-09-06 20:24:58 GET /api/payments 502 456ms
2025-09-06 20:24:59 PUT /api/orders 404 283ms
2025-09-06 20:41:37 POST /api/orders 200 447ms
2025-09-06 21:31:33 GET /api/cart 200 448ms
2025-09-06 21:31:38 PUT /api/products 200 121ms
