2025-09-07 22:07:56 POST /api/orders 500 343ms
2025-09-07 22:07:59 PUT /api/reviews 200 148ms
2025-09-07 22:08:11 POST /api/orders 502 453ms
2025-09-07 22:08:00 POST /api/payments 400 478ms
2025-09-07 22:08:16 PUT /api/orders 200 114ms
2025-09-07 22:08:02 POST /api/users 404 58ms
2025-09-07 22:08:03 PUT /api/payments 500 93ms
2025-09-07 22:08:20 DELETE /api/products 200 64ms
2025-09-07 22:08:14 GET /api/payments 200 328ms
2025-09-07 22:08:16 POST /api/payments 401 213ms
2025-09-07 22:08:51 DELETE /api/reviews 400 275ms
2025-09-07 22:08:08 POST /api/payments 200 132ms
2025-09-07 22:08:22 DELETE /api/cart 201 220ms
2025-09-07 22:08:52 POST /api/orders 200 71ms
2025-09-07 22:08:41 PUT /api/reviews 200 467ms
2025-09-07 22:08:44 POST /api/orders 200 159ms
2025-09-07 22:09:04 DELETE /api/payments 200 255ms
2025-09-07 22:09:08 DELETE /api/products 200 62ms
2025-09-07 22:08:34 GET /api/products 201 221ms
2025-09-07 22:09:16 PUT /api/cart 200 146ms
2025-09-07 22:08:59 DELETE /api/cart 200 241ms
2025-09-07 22:08:18 POST /api/payments 200 94ms
2025-09-07 22:09:32 PUT /api/payments 200 418ms
2025-09-07 22:09:36 POST /api/cart 200 136ms
2025-09-07 22:08:48 POST /api/orders 400 177ms
2025-09-07 22:08:50 DELETE /api/payments 200 400ms
2025-09-07 22:08:24 POST /api/payments 999 172ms
2025-09-07 22:09:52 PUT /api/reviews 401 84ms
2025-09-07 22:09:29 PUT /api/orders 200 329ms
2025-09-07 22:08:28 PUT /api/orders 200 234ms
2025-09-07 22:10:41 POST /api/users 200 290ms
2025-09-07 22:10:46 POST /api/products 403 490ms
2025-09-07 22:10:51 GET /api/payments 404 208ms
2025-09-07 22:09:08 POST /api/products 200 175ms
2025-09-07 22:09:47 GET /api/users 403 464ms
2025-09-07 22:09:50 POST /api/users 403 446ms
2025-09-07 22:08:35 POST /api/payments 999 68ms
2025-09-07 22:09:56 POST /api/reviews 200 243ms
2025-09-07 22:10:40 DELETE /api/orders 999 161ms
2025-09-07 22:08:38 DELETE /api/cart 403 294ms
2025-09-07 22:10:48 POST /api/orders 200 331ms
2025-09-07 22:08:40 DELETE /api/users 200 473ms
2025-09-07 22:08:41 POST /api/reviews 404 488ms
2025-09-07 22:11:00 DELETE /api/users 400 320ms
2025-09-07 22:11:51 GET /api/payments 404 261ms
2025-09-07 22:08:44 POST /api/reviews 200 66ms
2025-09-07 22:10:23 PUT /api/orders 200 74ms
2025-09-07 22:08:46 POST /api/cart 200 482ms
2025-09-07 22:11:20 GET /api/users 200 239ms
2025-09-07 22:12:21 GET /api/cart 200 194ms
2025-09-07 22:12:26 POST /api/payments 401 178ms
2025-09-07 22:09:46 GET /api/products 404 411ms
2025-09-07 22:08:52 PUT /api/payments 200 500ms
2025-09-07 22:08:53 DELETE /api/orders 200 178ms
2025-09-07 22:12:46 DELETE /api/users 200 243ms
2025-09-07 22:12:51 PUT /api/orders 200 283ms
2025-09-07 22:08:56 GET /api/products 503 306ms
2025-09-07 22:12:00 DELETE /api/orders 200 148ms
2025-09-07 22:10:00 PUT /api/users 200 456ms
2025-09-07 22:11:05 POST /api/reviews 403 459ms
2025-09-07 22:13:16 DELETE /api/cart 500 231ms
2025-09-07 22:09:01 DELETE /api/payments 400 296ms
2025-09-07 22:13:26 POST /api/reviews 503 261ms
2025-09-07 22:13:31 POST /api/products 200 194ms
2025-09-07 22:09:04 GET /api/orders 200 393ms
2025-09-07 22:12:32 POST /api/cart 200 145ms
2025-09-07 22:12:36 PUT /api/orders 500 250ms
2025-09-07 22:12:40 PUT /api/products 200 399ms
2025-09-07 22:12:44 PUT /api/users 200 279ms
2025-09-07 22:09:09 POST /api/payments 200 237ms
2025-09-07 22:10:24 POST /api/cart 400 345ms
2025-09-07 22:10:26 DELETE /api/payments 200 277ms
2025-09-07 22:13:00 POST /api/orders 999 491ms
2025-09-07 22:11:50 GET /api/cart 503 287ms
2025-09-07 22:09:15 POST /api/users 200 377ms
2025-09-07 22:09:16 GET /api/cart 404 339ms
2025-09-07 22:10:38 POST /api/reviews 200 297ms
2025-09-07 22:09:18 PUT /api/users 404 338ms
2025-09-07 22:13:28 GET /api/users 200 234ms
2025-09-07 22:09:20 POST /api/users 401 311ms
2025-09-07 22:12:11 PUT /api/orders 200 370ms
2025-09-07 22:12:14 DELETE /api/products 200 76ms
2025-09-07 22:13:44 POST /api/cart 200 149ms
2025-09-07 22:10:52 POST /api/cart 502 197ms
2025-09-07 22:15:21 PUT /api/orders 201 457ms
2025-09-07 22:13:56 PUT /api/products 401 224ms
2025-09-07 22:12:29 DELETE /api/users 200 397ms
2025-09-07 22:09:28 GET /api/reviews 200 100ms
2025-09-07 22:15:41 GET /api/payments 200 178ms
2025-09-07 22:12:38 DELETE /api/orders 200 369ms
2025-09-07 22:12:41 DELETE /api/cart 200 367ms
2025-09-07 22:11:08 POST /api/payments 400 238ms
2025-09-07 22:12:47 POST /api/reviews 200 328ms
2025-09-07 22:11:12 DELETE /api/reviews 500 308ms
2025-09-07 22:12:53 POST /api/cart 200 405ms
2025-09-07 22:11:16 GET /api/payments 201 329ms
2025-09-07 22:16:31 DELETE /api/cart 404 241ms
2025-09-07 22:16:36 DELETE /api/cart 401 347ms
2025-09-07 22:09:41 GET /api/cart 200 261ms
2025-09-07 22:09:42 DELETE /api/products 404 452ms
2025-09-07 22:16:51 DELETE /api/reviews 200 250ms
2025-09-07 22:11:32 DELETE /api/orders 200 82ms
2025-09-07 22:09:45 GET /api/payments 400 189ms
2025-09-07 22:15:16 DELETE /api/products 502 211ms
2025-09-07 22:09:47 DELETE /api/orders 503 96ms
2025-09-07 22:17:16 POST /api/payments 200 217ms
2025-09-07 22:13:35 POST /api/reviews 200 389ms
2025-09-07 22:11:44 POST /api/products 400 75ms
2025-09-07 22:17:36 GET /api/users 200 235ms
2025-09-07 22:15:44 POST /api/payments 200 54ms
2025-09-07 22:09:54 GET /api/reviews 200 454ms
2025-09-07 22:17:51 PUT /api/cart 200 334ms
2025-09-07 22:17:56 DELETE /api/users 200 191ms
2025-09-07 22:09:57 PUT /api/orders 401 275ms
2025-09-07 22:09:58 PUT /api/payments 403 407ms
2025-09-07 22:16:08 GET /api/orders 400 371ms
2025-09-07 22:14:08 PUT /api/products 401 85ms
2025-09-07 22:18:21 DELETE /api/orders 200 302ms
2025-09-07 22:18:26 GET /api/orders 200 446ms
2025-09-07 22:18:31 POST /api/products 200 440ms
2025-09-07 22:12:12 DELETE /api/users 200 113ms
2025-09-07 22:14:23 GET /api/orders 200 210ms
2025-09-07 22:10:06 PUT /api/users 200 315ms
2025-09-07 22:18:51 GET /api/products 200 432ms
2025-09-07 22:18:56 POST /api/cart 200 89ms
2025-09-07 22:14:35 DELETE /api/products 500 178ms
2025-09-07 22:14:38 GET /api/products 401 201ms
2025-09-07 22:14:41 GET /api/payments 200 114ms
2025-09-07 22:12:28 GET /api/payments 404 446ms
2025-09-07 22:14:47 DELETE /api/reviews 404 284ms
2025-09-07 22:12:34 POST /api/cart 200 139ms
2025-09-07 22:12:36 PUT /api/payments 200 99999ms
2025-09-07 22:14:59 DELETE /api/payments 400 55ms
2025-09-07 22:15:05 POST /api/reviews 404 143ms
2025-09-07 22:15:08 DELETE /api/payments 200 445ms
2025-09-07 22:15:11 GET /api/reviews 404 461ms
2025-09-07 22:10:22 PUT /api/reviews 503 81ms
2025-09-07 22:10:23 PUT /api/cart 400 119ms
2025-09-07 22:10:25 DELETE /api/orders 200 195ms
2025-09-07 22:20:26 GET /api/users 200 246ms
2025-09-07 22:10:28 DELETE /api/products 200 298ms
2025-09-07 22:10:30 POST /api/cart 200 424ms
2025-09-07 22:15:41 PUT /api/orders 200 240ms
2025-09-07 22:13:08 POST /api/payments 200 99999ms
2025-09-07 22:15:47 GET /api/users 200 497ms
2025-09-07 22:10:34 GET /api/reviews 500 142ms
2025-09-07 22:21:11 GET /api/orders 200 319ms
2025-09-07 22:10:36 GET /api/users 401 340ms
2025-09-07 22:13:18 GET /api/products 404 383ms
2025-09-07 22:16:02 GET /api/cart 200 75ms
2025-09-07 22:10:39 DELETE /api/reviews 200 269ms
2025-09-07 22:21:36 GET /api/reviews 403 373ms
2025-09-07 22:16:11 GET /api/orders 200 269ms
2025-09-07 22:10:42 POST /api/orders 403 446ms
2025-09-07 22:10:43 PUT /api/users 200 141ms
2025-09-07 22:19:08 GET /api/orders 999 234ms
2025-09-07 22:19:12 DELETE /api/payments 403 186ms
2025-09-07 22:19:16 PUT /api/products 200 90ms
2025-09-07 22:19:20 GET /api/orders 200 166ms
2025-09-07 22:19:24 GET /api/users 200 202ms
2025-09-07 22:19:36 PUT /api/cart 401 310ms
2025-09-07 22:22:36 GET /api/orders 403 142ms
2025-09-07 22:22:41 DELETE /api/reviews 403 159ms
2025-09-07 22:22:46 POST /api/cart 200 242ms
2025-09-07 22:10:56 GET /api/reviews 500 290ms
2025-09-07 22:20:00 DELETE /api/users 200 60ms
2025-09-07 22:10:58 PUT /api/orders 403 170ms
2025-09-07 22:23:11 GET /api/users 200 441ms
2025-09-07 22:20:12 PUT /api/payments 200 87ms
2025-09-07 22:23:21 POST /api/cart 999 54ms
2025-09-07 22:11:02 POST /api/products 201 157ms
2025-09-07 22:23:31 DELETE /api/payments 404 472ms
2025-09-07 22:20:28 DELETE /api/users 200 411ms
2025-09-07 22:17:23 GET /api/payments 403 389ms
2025-09-07 22:11:06 POST /api/cart 404 352ms
2025-09-07 22:17:29 DELETE /api/cart 200 485ms
2025-09-07 22:17:32 PUT /api/cart 201 297ms
2025-09-07 22:17:38 POST /api/cart 200 176ms
2025-09-07 22:20:56 PUT /api/cart 200 191ms
2025-09-07 22:14:28 DELETE /api/users 200 237ms
2025-09-07 22:17:47 PUT /api/users 200 174ms
2025-09-07 22:21:08 PUT /api/users 200 417ms
2025-09-07 22:21:12 DELETE /api/orders 200 110ms
2025-09-07 22:11:16 GET /api/reviews 201 106ms
2025-09-07 22:11:17 PUT /api/users 400 97ms
2025-09-07 22:24:46 POST /api/products 200 339ms
2025-09-07 22:21:28 GET /api/users 404 181ms
2025-09-07 22:24:56 POST /api/reviews 200 176ms
2025-09-07 22:21:36 DELETE /api/products 401 287ms
2025-09-07 22:25:06 PUT /api/cart 400 436ms
2025-09-07 22:14:50 GET /api/products 404 379ms
2025-09-07 22:18:20 GET /api/orders 200 248ms
2025-09-07 22:21:52 DELETE /api/users 200 443ms
2025-09-07 22:14:56 POST /api/orders 400 467ms
2025-09-07 22:15:00 GET /api/orders 503 394ms
2025-09-07 22:22:08 DELETE /api/reviews 404 103ms
2025-09-07 22:25:46 DELETE /api/orders 999 147ms
2025-09-07 22:22:16 GET /api/cart 404 206ms
2025-09-07 22:18:44 POST /api/orders 200 138ms
2025-09-07 22:26:01 POST /api/reviews 200 246ms
2025-09-07 22:11:34 GET /api/users 200 243ms
2025-09-07 22:11:35 DELETE /api/payments 200 210ms
2025-09-07 22:22:36 DELETE /api/users 200 169ms
2025-09-07 22:22:40 PUT /api/users 200 340ms
2025-09-07 22:15:20 DELETE /api/products 200 154ms
2025-09-07 22:15:22 GET /api/reviews 403 445ms
2025-09-07 22:22:52 PUT /api/products 200 75ms
2025-09-07 22:15:26 DELETE /api/reviews 400 410ms
2025-09-07 22:15:28 GET /api/payments 999 238ms
2025-09-07 22:26:51 DELETE /api/payments 200 353ms
2025-09-07 22:15:32 DELETE /api/users 200 332ms
2025-09-07 22:11:45 PUT /api/products 201 198ms
2025-09-07 22:15:36 DELETE /api/products 200 229ms
2025-09-07 22:11:47 DELETE /api/cart 200 447ms
2025-09-07 22:11:49 GET /api/orders 200 492ms
2025-09-07 22:11:50 POST /api/products 404 223ms
2025-09-07 22:15:46 DELETE /api/cart 502 196ms
2025-09-07 22:27:36 PUT /api/reviews 401 332ms
2025-09-07 22:19:47 DELETE /api/users 200 248ms
2025-09-07 22:19:50 PUT /api/cart 200 315ms
2025-09-07 22:23:52 DELETE /api/cart 404 96ms
2025-09-07 22:19:56 DELETE /api/cart 200 252ms
2025-09-07 22:24:00 DELETE /api/payments 403 470ms
2025-09-07 22:24:04 POST /api/orders 200 114ms
2025-09-07 22:24:08 POST /api/products 400 206ms
2025-09-07 22:28:16 GET /api/users 400 131ms
2025-09-07 22:28:21 PUT /api/cart 500 215ms
2025-09-07 22:28:26 PUT /api/payments 500 263ms
2025-09-07 22:20:17 PUT /api/users 200 399ms
2025-09-07 22:24:28 PUT /api/cart 200 99999ms
2025-09-07 22:12:05 POST /api/users 200 427ms
2025-09-07 22:28:46 GET /api/products 400 281ms
2025-09-07 22:28:51 POST /api/payments 500 185ms
2025-09-07 22:28:56 PUT /api/payments 999 456ms
2025-09-07 22:20:35 DELETE /api/cart 401 245ms
2025-09-07 22:20:38 DELETE /api/cart 200 364ms
2025-09-07 22:24:56 GET /api/reviews 200 82ms
2025-09-07 22:29:16 PUT /api/products 404 360ms
2025-09-07 22:25:04 DELETE /api/products 200 335ms
2025-09-07 22:29:26 GET /api/reviews 200 422ms
2025-09-07 22:29:36 GET /api/orders 200 146ms
2025-09-07 22:29:41 POST /api/orders 200 388ms
2025-09-07 22:16:40 DELETE /api/users 400 173ms
2025-09-07 22:21:05 DELETE /api/reviews 401 314ms
2025-09-07 22:12:20 POST /api/products 200 444ms
2025-09-07 22:16:46 PUT /api/products 200 99999ms
2025-09-07 22:16:48 GET /api/reviews 200 244ms
2025-09-07 22:25:44 GET /api/products 999 223ms
2025-09-07 22:12:24 POST /api/orders 404 156ms
2025-09-07 22:12:25 GET /api/cart 200 53ms
2025-09-07 22:21:26 POST /api/cart 201 373ms
2025-09-07 22:21:29 POST /api/orders 201 261ms
2025-09-07 22:30:36 GET /api/reviews 201 124ms
2025-09-07 22:17:02 DELETE /api/orders 200 489ms
2025-09-07 22:26:12 PUT /api/cart 200 428ms
2025-09-07 22:17:06 POST /api/cart 200 119ms
2025-09-07 22:12:32 DELETE /api/products 200 490ms
2025-09-07 22:26:24 DELETE /api/users 200 451ms
2025-09-07 22:12:34 GET /api/orders 200 117ms
2025-09-07 22:12:35 GET /api/reviews 400 152ms
2025-09-07 22:17:16 PUT /api/payments 200 99999ms
2025-09-07 22:22:02 POST /api/orders 200 300ms
2025-09-07 22:22:08 GET /api/products 201 339ms
2025-09-07 22:22:11 POST /api/cart 200 406ms
2025-09-07 22:27:00 GET /api/orders 200 500ms
2025-09-07 22:31:51 GET /api/orders 200 70ms
2025-09-07 22:31:56 DELETE /api/payments 200 365ms
2025-09-07 22:12:45 DELETE /api/orders 200 283ms
2025-09-07 22:22:26 PUT /api/orders 403 99999ms
2025-09-07 22:32:11 GET /api/reviews 500 103ms
2025-09-07 22:22:32 GET /api/payments 200 293ms
2025-09-07 22:17:42 POST /api/reviews 403 332ms
2025-09-07 22:32:26 GET /api/users 502 58ms
2025-09-07 22:12:51 DELETE /api/payments 200 355ms
2025-09-07 22:32:36 POST /api/orders 200 113ms
2025-09-07 22:22:47 GET /api/reviews 404 56ms
2025-09-07 22:22:50 GET /api/orders 200 189ms
2025-09-07 22:17:54 PUT /api/users 200 423ms
2025-09-07 22:22:56 POST /api/products 500 249ms
2025-09-07 22:22:59 POST /api/products 500 112ms
2025-09-07 22:12:58 POST /api/products 200 428ms
2025-09-07 22:12:59 PUT /api/orders 200 113ms
2025-09-07 22:33:16 DELETE /api/products 403 109ms
2025-09-07 22:28:16 DELETE /api/reviews 403 161ms
2025-09-07 22:18:08 GET /api/products 401 122ms
2025-09-07 22:13:03 DELETE /api/cart 200 493ms
2025-09-07 22:33:36 POST /api/payments 401 75ms
2025-09-07 22:23:23 PUT /api/cart 502 483ms
2025-09-07 22:28:36 POST /api/products 200 113ms
2025-09-07 22:13:07 POST /api/users 200 447ms
2025-09-07 22:28:44 POST /api/payments 200 157ms
2025-09-07 22:18:24 PUT /api/orders 200 99999ms
2025-09-07 22:23:41 GET /api/users 503 120ms
2025-09-07 22:23:44 GET /api/cart 200 172ms
2025-09-07 22:34:21 POST /api/payments 403 465ms
2025-09-07 22:13:14 DELETE /api/cart 200 377ms
2025-09-07 22:23:53 PUT /api/payments 200 125ms
2025-09-07 22:23:56 PUT /api/orders 403 423ms
2025-09-07 22:34:41 DELETE /api/reviews 200 140ms
2025-09-07 22:24:02 POST /api/reviews 200 425ms
2025-09-07 22:18:42 POST /api/reviews 500 236ms
2025-09-07 22:13:20 DELETE /api/orders 200 235ms
2025-09-07 22:35:01 GET /api/payments 403 474ms
2025-09-07 22:24:17 POST /api/cart 403 307ms
2025-09-07 22:35:16 DELETE /api/cart 200 473ms
2025-09-07 22:24:23 GET /api/payments 200 226ms
2025-09-07 22:29:56 DELETE /api/payments 404 378ms
2025-09-07 22:24:29 PUT /api/orders 200 286ms
2025-09-07 22:24:32 GET /api/orders 200 267ms
2025-09-07 22:19:02 DELETE /api/users 500 175ms
2025-09-07 22:30:12 POST /api/orders 500 284ms
2025-09-07 22:19:06 POST /api/reviews 200 160ms
2025-09-07 22:13:32 GET /api/reviews 503 78ms
2025-09-07 22:19:10 POST /api/products 200 328ms
2025-09-07 22:13:34 GET /api/users 200 114ms
2025-09-07 22:30:32 GET /api/orders 200 297ms
2025-09-07 22:24:56 GET /api/users 200 342ms
2025-09-07 22:19:18 PUT /api/cart 200 163ms
2025-09-07 22:36:26 GET /api/payments 502 260ms
2025-09-07 22:19:24 DELETE /api/orders 404 214ms
2025-09-07 22:19:26 PUT /api/users 200 407ms
2025-09-07 22:36:46 DELETE /api/reviews 502 189ms
2025-09-07 22:31:04 GET /api/orders 403 238ms
2025-09-07 22:31:08 POST /api/payments 403 392ms
2025-09-07 22:25:23 PUT /api/cart 404 297ms
2025-09-07 22:31:16 DELETE /api/users 200 493ms
2025-09-07 22:25:29 PUT /api/users 200 264ms
2025-09-07 22:31:24 GET /api/reviews 200 159ms
2025-09-07 22:19:42 POST /api/cart 400 183ms
2025-09-07 22:31:32 GET /api/products 200 267ms
2025-09-07 22:13:51 PUT /api/users 201 350ms
2025-09-07 22:25:44 GET /api/reviews 403 363ms
2025-09-07 22:37:41 DELETE /api/users 201 358ms
2025-09-07 22:37:46 DELETE /api/payments 201 385ms
2025-09-07 22:31:52 POST /api/users 201 455ms
2025-09-07 22:25:56 PUT /api/users 404 227ms
2025-09-07 22:32:00 DELETE /api/cart 200 407ms
2025-09-07 22:38:06 POST /api/orders 200 74ms
2025-09-07 22:38:11 PUT /api/products 200 260ms
2025-09-07 22:32:16 GET /api/products 401 174ms
2025-09-07 22:32:20 PUT /api/products 201 279ms
2025-09-07 22:14:03 DELETE /api/payments 200 235ms
2025-09-07 22:14:04 PUT /api/users 404 235ms
2025-09-07 22:38:41 PUT /api/cart 201 382ms
2025-09-07 22:38:46 POST /api/payments 200 246ms
2025-09-07 22:20:18 POST /api/cart 200 108ms
2025-09-07 22:26:32 POST /api/cart 503 289ms
2025-09-07 22:14:09 DELETE /api/reviews 502 344ms
2025-09-07 22:32:52 POST /api/orders 200 221ms
2025-09-07 22:32:56 PUT /api/payments 999 169ms
2025-09-07 22:39:16 GET /api/orders 200 307ms
2025-09-07 22:20:32 PUT /api/cart 404 493ms
2025-09-07 22:33:12 DELETE /api/reviews 403 178ms
2025-09-07 22:14:16 PUT /api/users 200 340ms
2025-09-07 22:39:41 GET /api/users 404 144ms
2025-09-07 22:33:24 GET /api/orders 400 389ms
2025-09-07 22:33:28 GET /api/users 201 264ms
2025-09-07 22:27:08 POST /api/products 200 179ms
2025-09-07 22:33:36 GET /api/users 200 135ms
2025-09-07 22:33:40 DELETE /api/reviews 200 190ms
2025-09-07 22:33:44 DELETE /api/cart 200 449ms
2025-09-07 22:40:16 POST /api/reviews 200 318ms
2025-09-07 22:27:23 GET /api/products 200 170ms
2025-09-07 22:40:26 PUT /api/reviews 404 212ms
2025-09-07 22:34:00 PUT /api/users 200 161ms
2025-09-07 22:40:36 DELETE /api/orders 200 198ms
2025-09-07 22:14:29 PUT /api/orders 200 70ms
2025-09-07 22:34:12 DELETE /api/orders 200 397ms
2025-09-07 22:14:31 POST /api/payments 401 124ms
2025-09-07 22:27:44 GET /api/orders 503 333ms
2025-09-07 22:34:24 POST /api/products 999 75ms
2025-09-07 22:27:50 DELETE /api/products 200 428ms
2025-09-07 22:14:35 PUT /api/products 200 129ms
2025-09-07 22:41:16 DELETE /api/products 500 52ms
2025-09-07 22:34:44 PUT /api/cart 404 142ms
2025-09-07 22:41:31 POST /api/reviews 502 474ms
2025-09-07 22:28:08 PUT /api/payments 200 302ms
2025-09-07 22:14:41 GET /api/reviews 201 469ms
2025-09-07 22:21:28 POST /api/payments 400 143ms
2025-09-07 22:21:30 GET /api/orders 200 395ms
2025-09-07 22:35:12 POST /api/products 200 416ms
2025-09-07 22:35:16 PUT /api/orders 201 52ms
2025-09-07 22:14:47 DELETE /api/products 200 201ms
2025-09-07 22:28:32 POST /api/products 200 134ms
2025-09-07 22:35:28 GET /api/orders 200 335ms
2025-09-07 22:21:44 DELETE /api/orders 503 490ms
2025-09-07 22:28:41 DELETE /api/cart 999 303ms
2025-09-07 22:42:36 GET /api/orders 200 162ms
2025-09-07 22:28:47 DELETE /api/payments 200 304ms
2025-09-07 22:42:46 GET /api/products 200 246ms
2025-09-07 22:28:53 GET /api/cart 999 222ms
2025-09-07 22:28:56 GET /api/orders 401 83ms
2025-09-07 22:36:00 POST /api/orders 200 369ms
2025-09-07 22:22:00 POST /api/reviews 200 105ms
2025-09-07 22:36:08 DELETE /api/products 200 345ms
2025-09-07 22:29:08 GET /api/payments 500 493ms
2025-09-07 22:15:01 GET /api/reviews 200 493ms
2025-09-07 22:22:08 POST /api/users 200 224ms
2025-09-07 22:29:17 PUT /api/reviews 404 91ms
2025-09-07 22:29:20 DELETE /api/cart 200 145ms
2025-09-07 22:29:23 PUT /api/reviews 500 278ms
2025-09-07 22:29:26 POST /api/payments 404 492ms
2025-09-07 22:15:07 DELETE /api/products 200 305ms
2025-09-07 22:36:44 PUT /api/reviews 200 92ms
2025-09-07 22:15:09 GET /api/users 404 318ms
2025-09-07 22:15:10 PUT /api/orders 404 282ms
2025-09-07 22:29:44 POST /api/payments 404 352ms
2025-09-07 22:29:50 DELETE /api/users 503 231ms
2025-09-07 22:29:53 PUT /api/payments 200 238ms
2025-09-07 22:44:36 GET /api/payments 200 264ms
2025-09-07 22:29:59 GET /api/payments 400 70ms
2025-09-07 22:30:02 POST /api/orders 999 315ms
2025-09-07 22:37:28 POST /api/users 200 380ms
2025-09-07 22:44:56 DELETE /api/users 200 282ms
2025-09-07 22:45:06 POST /api/users 403 99ms
2025-09-07 22:30:17 PUT /api/products 200 142ms
2025-09-07 22:45:16 PUT /api/cart 400 432ms
2025-09-07 22:15:25 PUT /api/reviews 404 436ms
2025-09-07 22:30:26 DELETE /api/cart 200 90ms
2025-09-07 22:30:29 PUT /api/cart 200 200ms
2025-09-07 22:30:32 PUT /api/users 200 232ms
2025-09-07 22:15:29 POST /api/payments 400 135ms
2025-09-07 22:15:30 POST /api/users 200 240ms
2025-09-07 22:38:16 POST /api/orders 200 285ms
2025-09-07 22:15:32 PUT /api/payments 200 71ms
2025-09-07 22:38:24 POST /api/reviews 200 169ms
2025-09-07 22:15:34 POST /api/payments 200 53ms
2025-09-07 22:30:53 DELETE /api/orders 400 497ms
2025-09-07 22:15:36 GET /api/reviews 200 142ms
2025-09-07 22:30:59 POST /api/cart 200 457ms
2025-09-07 22:15:38 GET /api/payments 200 381ms
2025-09-07 22:15:40 PUT /api/cart 200 478ms
2025-09-07 22:15:41 POST /api/payments 200 340ms
2025-09-07 22:31:14 DELETE /api/cart 200 296ms
2025-09-07 22:31:20 PUT /api/cart 200 251ms
2025-09-07 22:31:23 GET /api/reviews 200 61ms
2025-09-07 22:15:47 DELETE /api/payments 200 111ms
2025-09-07 22:31:32 GET /api/orders 200 267ms
2025-09-07 22:47:21 DELETE /api/cart 200 82ms
2025-09-07 22:15:50 DELETE /api/orders 200 302ms
2025-09-07 22:31:41 PUT /api/reviews 404 454ms
2025-09-07 22:47:36 POST /api/cart 200 236ms
2025-09-07 22:23:50 PUT /api/products 200 160ms
2025-09-07 22:23:52 PUT /api/users 200 274ms
2025-09-07 22:23:54 DELETE /api/orders 404 213ms
2025-09-07 22:23:56 GET /api/cart 401 491ms
2025-09-07 22:48:01 DELETE /api/cart 201 348ms
2025-09-07 22:48:06 PUT /api/orders 404 148ms
2025-09-07 22:40:08 POST /api/cart 200 448ms
2025-09-07 22:48:16 DELETE /api/users 200 249ms
2025-09-07 22:48:21 DELETE /api/cart 400 369ms
2025-09-07 22:24:08 PUT /api/cart 500 172ms
2025-09-07 22:40:24 POST /api/users 404 315ms
2025-09-07 22:32:20 PUT /api/users 200 483ms
2025-09-07 22:48:41 GET /api/payments 200 99999ms
2025-09-07 22:32:26 GET /api/payments 404 306ms
2025-09-07 22:24:20 GET /api/payments 401 243ms
2025-09-07 22:49:01 PUT /api/orders 200 146ms
2025-09-07 22:16:10 DELETE /api/cart 200 378ms
2025-09-07 22:40:56 GET /api/payments 200 199ms
2025-09-07 22:16:12 POST /api/cart 404 106ms
2025-09-07 22:16:13 GET /api/cart 500 125ms
2025-09-07 22:24:32 POST /api/users 200 222ms
2025-09-07 22:24:34 PUT /api/products 200 410ms
2025-09-07 22:49:36 POST /api/orders 999 469ms
2025-09-07 22:49:41 PUT /api/reviews 999 111ms
2025-09-07 22:33:02 PUT /api/users 200 243ms
2025-09-07 22:49:51 PUT /api/products 200 489ms
2025-09-07 22:24:44 PUT /api/users 200 391ms
2025-09-07 22:16:21 POST /api/users 200 274ms
2025-09-07 22:50:06 GET /api/orders 200 384ms
2025-09-07 22:24:50 GET /api/products 500 276ms
2025-09-07 22:41:48 POST /api/orders 200 309ms
2025-09-07 22:16:25 GET /api/reviews 503 477ms
2025-09-07 22:16:26 GET /api/reviews 200 266ms
2025-09-07 22:33:32 PUT /api/products 200 474ms
2025-09-07 22:33:35 GET /api/payments 200 486ms
2025-09-07 22:33:38 GET /api/reviews 200 238ms
2025-09-07 22:25:06 POST /api/cart 200 192ms
2025-09-07 22:16:32 DELETE /api/orders 500 494ms
2025-09-07 22:25:10 POST /api/reviews 200 292ms
2025-09-07 22:42:28 GET /api/cart 200 185ms
2025-09-07 22:42:32 POST /api/payments 404 380ms
2025-09-07 22:42:36 PUT /api/users 200 250ms
2025-09-07 22:25:18 POST /api/users 404 320ms
2025-09-07 22:42:44 GET /api/cart 200 431ms
2025-09-07 22:51:31 GET /api/orders 200 373ms
2025-09-07 22:16:40 PUT /api/users 200 202ms
2025-09-07 22:42:56 GET /api/orders 200 465ms
2025-09-07 22:51:51 DELETE /api/orders 502 350ms
2025-09-07 22:16:44 GET /api/cart 201 358ms
2025-09-07 22:16:45 DELETE /api/payments 200 105ms
2025-09-07 22:43:16 POST /api/orders 502 86ms
2025-09-07 22:25:38 DELETE /api/products 400 410ms
2025-09-07 22:43:24 POST /api/orders 200 414ms
2025-09-07 22:25:42 GET /api/products 201 203ms
2025-09-07 22:25:44 DELETE /api/cart 200 413ms
2025-09-07 22:52:31 GET /api/cart 200 128ms
2025-09-07 22:25:50 GET /api/cart 200 361ms
2025-09-07 22:34:50 DELETE /api/reviews 404 160ms
2025-09-07 22:52:51 PUT /api/orders 200 499ms
2025-09-07 22:34:56 DELETE /api/reviews 401 385ms
2025-09-07 22:34:59 POST /api/users 200 291ms
2025-09-07 22:53:11 POST /api/payments 404 333ms
2025-09-07 22:26:04 POST /api/reviews 200 391ms
2025-09-07 22:35:11 DELETE /api/users 999 100ms
2025-09-07 22:53:26 PUT /api/cart 200 283ms
2025-09-07 22:44:28 PUT /api/payments 401 153ms
2025-09-07 22:35:23 POST /api/cart 200 405ms
2025-09-07 22:35:26 POST /api/users 200 215ms
2025-09-07 22:44:40 POST /api/orders 200 450ms
2025-09-07 22:35:35 POST /api/orders 200 278ms
2025-09-07 22:44:52 GET /api/payments 200 131ms
2025-09-07 22:44:56 GET /api/payments 201 226ms
2025-09-07 22:17:12 DELETE /api/payments 200 381ms
2025-09-07 22:54:21 GET /api/payments 201 387ms
2025-09-07 22:17:14 GET /api/cart 200 375ms
2025-09-07 22:45:12 PUT /api/reviews 400 283ms
2025-09-07 22:35:56 GET /api/orders 400 259ms
2025-09-07 22:17:17 GET /api/cart 403 303ms
2025-09-07 22:36:02 PUT /api/reviews 404 129ms
2025-09-07 22:54:51 PUT /api/orders 200 104ms
2025-09-07 22:36:08 PUT /api/users 200 384ms
2025-09-07 22:26:46 POST /api/products 401 61ms
2025-09-07 22:45:40 DELETE /api/payments 200 99999ms
2025-09-07 22:45:44 DELETE /api/orders 201 176ms
2025-09-07 22:26:52 DELETE /api/cart 404 362ms
2025-09-07 22:45:52 PUT /api/cart 201 337ms
2025-09-07 22:26:56 PUT /api/payments 401 477ms
2025-09-07 22:17:27 POST /api/products 200 387ms
2025-09-07 22:46:04 PUT /api/payments 200 342ms
2025-09-07 22:55:41 DELETE /api/payments 200 224ms
2025-09-07 22:46:12 GET /api/products 500 489ms
2025-09-07 22:36:41 PUT /api/reviews 200 168ms
2025-09-07 22:36:44 POST /api/users 500 108ms
2025-09-07 22:56:01 POST /api/payments 200 239ms
2025-09-07 22:27:12 PUT /api/reviews 200 136ms
2025-09-07 22:17:35 POST /api/cart 401 461ms
2025-09-07 22:46:36 DELETE /api/cart 999 265ms
2025-09-07 22:27:18 DELETE /api/payments 201 301ms
2025-09-07 22:46:44 PUT /api/cart 200 180ms
2025-09-07 22:27:22 PUT /api/users 201 301ms
2025-09-07 22:27:24 DELETE /api/cart 999 428ms
2025-09-07 22:17:41 GET /api/cart 403 362ms
2025-09-07 22:27:28 POST /api/reviews 200 434ms
2025-09-07 22:17:43 DELETE /api/payments 200 196ms
2025-09-07 22:47:08 GET /api/cart 404 144ms
2025-09-07 22:27:34 DELETE /api/reviews 200 207ms
2025-09-07 22:47:16 GET /api/cart 200 104ms
2025-09-07 22:27:38 PUT /api/products 500 100ms
2025-09-07 22:37:32 GET /api/products 400 166ms
2025-09-07 22:57:21 GET /api/cart 404 253ms
2025-09-07 22:27:44 POST /api/payments 404 52ms
2025-09-07 22:17:51 DELETE /api/users 200 239ms
2025-09-07 22:17:52 DELETE /api/reviews 500 282ms
2025-09-07 22:27:50 GET /api/reviews 200 112ms
2025-09-07 22:27:52 PUT /api/orders 500 55ms
2025-09-07 22:57:51 GET /api/users 401 302ms
2025-09-07 22:27:56 DELETE /api/products 404 402ms
2025-09-07 22:58:01 POST /api/products 503 99999ms
2025-09-07 22:48:04 DELETE /api/reviews 200 436ms
2025-09-07 22:48:08 PUT /api/users 200 242ms
2025-09-07 22:58:16 PUT /api/products 200 436ms
2025-09-07 22:58:21 DELETE /api/reviews 200 272ms
2025-09-07 22:18:02 PUT /api/products 200 445ms
2025-09-07 22:58:31 PUT /api/users 999 270ms
2025-09-07 22:28:12 DELETE /api/cart 404 117ms
2025-09-07 22:38:23 GET /api/users 404 99999ms
2025-09-07 22:38:26 GET /api/orders 999 224ms
2025-09-07 22:28:18 PUT /api/orders 200 485ms
2025-09-07 22:48:44 POST /api/orders 403 407ms
2025-09-07 22:28:22 GET /api/users 200 289ms
2025-09-07 22:18:10 POST /api/cart 200 100ms
2025-09-07 22:59:11 PUT /api/products 200 415ms
2025-09-07 22:59:16 GET /api/reviews 200 444ms
2025-09-07 22:18:13 DELETE /api/products 200 297ms
2025-09-07 22:28:32 POST /api/orders 200 331ms
2025-09-07 22:59:31 GET /api/orders 200 246ms
2025-09-07 22:38:56 GET /api/payments 404 428ms
2025-09-07 22:49:20 DELETE /api/users 200 448ms
2025-09-07 22:28:40 DELETE /api/products 200 245ms
2025-09-07 22:59:51 GET /api/orders 404 394ms
2025-09-07 22:28:46 GET /api/reviews 200 140ms
2025-09-07 22:49:40 DELETE /api/payments 200 315ms
2025-09-07 22:39:17 PUT /api/products 201 194ms
2025-09-07 22:49:48 GET /api/reviews 401 350ms
2025-09-07 22:28:54 POST /api/cart 200 240ms
2025-09-07 22:49:56 POST /api/payments 503 166ms
2025-09-07 22:28:58 POST /api/payments 200 90ms
2025-09-07 22:18:28 POST /api/reviews 400 480ms
2025-09-07 22:50:08 GET /api/reviews 999 498ms
2025-09-07 22:18:30 POST /api/products 999 403ms
2025-09-07 22:39:41 DELETE /api/products 200 327ms
2025-09-07 22:50:20 POST /api/orders 200 172ms
2025-09-07 22:50:24 POST /api/payments 502 371ms
2025-09-07 23:01:11 DELETE /api/orders 200 426ms
2025-09-07 23:01:16 GET /api/products 404 302ms
2025-09-07 22:18:37 PUT /api/products 999 484ms
2025-09-07 22:29:20 PUT /api/users 200 171ms
2025-09-07 22:29:22 DELETE /api/users 400 365ms
2025-09-07 22:40:08 PUT /api/reviews 200 328ms
2025-09-07 22:18:41 GET /api/cart 401 495ms
2025-09-07 23:01:46 DELETE /api/cart 200 480ms
2025-09-07 22:29:30 POST /api/products 200 385ms
2025-09-07 22:18:44 DELETE /api/payments 200 83ms
2025-09-07 22:29:34 POST /api/reviews 500 199ms
2025-09-07 22:51:16 GET /api/reviews 500 107ms
2025-09-07 22:18:47 DELETE /api/users 201 382ms
2025-09-07 22:18:48 GET /api/users 200 134ms
2025-09-07 22:51:32 POST /api/orders 400 163ms
2025-09-07 22:18:51 PUT /api/orders 404 178ms
2025-09-07 22:18:52 DELETE /api/cart 200 439ms
2025-09-07 22:51:44 PUT /api/cart 999 120ms
2025-09-07 22:29:52 DELETE /api/users 503 438ms
2025-09-07 22:29:58 GET /api/orders 200 307ms
2025-09-07 22:41:05 GET /api/reviews 200 447ms
2025-09-07 23:03:16 DELETE /api/orders 200 174ms
2025-09-07 22:30:06 GET /api/products 201 451ms
2025-09-07 23:03:26 GET /api/orders 500 355ms
2025-09-07 22:52:24 GET /api/users 999 460ms
2025-09-07 22:30:12 DELETE /api/reviews 201 334ms
2025-09-07 22:19:05 GET /api/cart 400 359ms
2025-09-07 22:30:16 DELETE /api/users 502 213ms
2025-09-07 22:30:20 DELETE /api/payments 200 96ms
2025-09-07 22:19:09 GET /api/cart 200 420ms
2025-09-07 22:41:38 POST /api/products 503 442ms
2025-09-07 22:19:11 PUT /api/reviews 200 204ms
2025-09-07 22:53:00 PUT /api/users 500 216ms
2025-09-07 22:41:47 PUT /api/users 200 257ms
2025-09-07 22:53:08 PUT /api/payments 201 59ms
2025-09-07 22:41:53 DELETE /api/products 200 447ms
2025-09-07 22:41:56 DELETE /api/users 200 442ms
2025-09-07 22:53:20 DELETE /api/users 500 436ms
2025-09-07 23:04:46 PUT /api/reviews 200 356ms
2025-09-07 23:04:51 POST /api/users 200 340ms
2025-09-07 22:42:08 DELETE /api/cart 200 475ms
2025-09-07 22:53:36 GET /api/reviews 200 376ms
2025-09-07 23:05:06 PUT /api/payments 401 322ms
2025-09-07 22:19:23 DELETE /api/orders 200 236ms
2025-09-07 22:53:52 POST /api/cart 403 111ms
2025-09-07 23:05:26 GET /api/cart 200 336ms
2025-09-07 22:30:58 DELETE /api/users 200 305ms
2025-09-07 22:31:00 DELETE /api/cart 503 219ms
2025-09-07 22:54:08 DELETE /api/payments 200 272ms
2025-09-07 22:42:38 POST /api/cart 200 256ms
2025-09-07 22:42:41 GET /api/cart 503 463ms
2025-09-07 22:54:20 DELETE /api/reviews 502 369ms
2025-09-07 22:31:10 GET /api/payments 404 480ms
2025-09-07 22:42:50 DELETE /api/reviews 200 221ms
2025-09-07 22:54:36 POST /api/payments 500 63ms
2025-09-07 22:42:59 GET /api/reviews 999 381ms
2025-09-07 22:19:39 PUT /api/cart 403 320ms
2025-09-07 22:19:40 GET /api/cart 200 293ms
2025-09-07 23:06:41 DELETE /api/users 200 204ms
2025-09-07 22:19:42 GET /api/payments 200 271ms
2025-09-07 22:31:30 DELETE /api/users 401 310ms
2025-09-07 22:55:08 GET /api/reviews 400 168ms
2025-09-07 22:55:12 DELETE /api/reviews 200 368ms
2025-09-07 22:55:16 POST /api/payments 200 150ms
2025-09-07 22:43:29 GET /api/reviews 200 362ms
2025-09-07 22:43:32 PUT /api/orders 200 342ms
2025-09-07 22:55:28 DELETE /api/reviews 403 124ms
2025-09-07 22:31:46 PUT /api/orders 200 322ms
2025-09-07 22:55:40 GET /api/orders 200 395ms
2025-09-07 22:31:50 PUT /api/users 999 109ms
2025-09-07 22:43:50 POST /api/products 404 321ms
2025-09-07 22:43:53 PUT /api/payments 500 336ms
2025-09-07 22:43:56 POST /api/payments 403 311ms
2025-09-07 22:31:58 DELETE /api/products 200 132ms
2025-09-07 23:08:11 POST /api/payments 404 295ms
2025-09-07 23:08:16 PUT /api/cart 200 386ms
2025-09-07 22:44:11 POST /api/users 200 216ms
2025-09-07 22:44:14 POST /api/reviews 200 124ms
2025-09-07 22:56:24 DELETE /api/orders 502 77ms
2025-09-07 22:44:20 PUT /api/payments 200 114ms
2025-09-07 22:32:14 GET /api/products 200 360ms
2025-09-07 22:20:06 POST /api/users 200 209ms
2025-09-07 22:56:40 DELETE /api/orders 999 414ms
2025-09-07 22:32:20 PUT /api/reviews 200 274ms
2025-09-07 23:09:01 PUT /api/products 200 51ms
2025-09-07 22:32:24 POST /api/payments 999 100ms
2025-09-07 23:09:11 PUT /api/products 200 123ms
2025-09-07 23:09:16 PUT /api/cart 200 270ms
2025-09-07 22:57:04 POST /api/users 201 496ms
2025-09-07 22:44:50 POST /api/payments 401 260ms
2025-09-07 23:09:31 DELETE /api/products 404 165ms
2025-09-07 22:20:16 PUT /api/payments 404 359ms
2025-09-07 22:44:59 PUT /api/cart 200 93ms
2025-09-07 22:45:02 POST /api/reviews 200 127ms
2025-09-07 22:45:05 GET /api/payments 200 276ms
2025-09-07 23:09:56 POST /api/products 401 237ms
2025-09-07 22:32:46 GET /api/payments 200 341ms
2025-09-07 22:32:48 GET /api/orders 200 240ms
2025-09-07 22:32:52 PUT /api/orders 400 154ms
2025-09-07 23:10:21 DELETE /api/reviews 404 177ms
2025-09-07 22:45:26 POST /api/products 201 461ms
2025-09-07 22:45:32 PUT /api/cart 502 490ms
2025-09-07 23:10:41 DELETE /api/products 200 413ms
2025-09-07 22:33:04 GET /api/orders 502 486ms
2025-09-07 22:58:16 PUT /api/orders 200 230ms
2025-09-07 22:58:20 POST /api/products 200 389ms
2025-09-07 23:11:06 GET /api/orders 200 62ms
2025-09-07 23:11:11 DELETE /api/cart 200 307ms
2025-09-07 22:33:16 DELETE /api/cart 200 287ms
2025-09-07 22:33:18 GET /api/products 200 327ms
2025-09-07 22:58:44 GET /api/users 200 272ms
2025-09-07 22:33:22 GET /api/payments 401 98ms
2025-09-07 22:46:08 GET /api/payments 200 156ms
2025-09-07 22:58:56 DELETE /api/cart 404 145ms
2025-09-07 22:20:42 DELETE /api/products 400 270ms
2025-09-07 22:46:17 POST /api/users 200 427ms
2025-09-07 22:20:44 POST /api/payments 200 123ms
2025-09-07 23:12:01 DELETE /api/reviews 999 115ms
2025-09-07 22:46:26 PUT /api/users 200 478ms
2025-09-07 23:12:11 GET /api/users 200 298ms
2025-09-07 22:33:40 GET /api/payments 404 90ms
2025-09-07 22:20:49 DELETE /api/reviews 200 463ms
2025-09-07 23:12:26 DELETE /api/users 200 97ms
2025-09-07 23:12:31 GET /api/cart 200 151ms
2025-09-07 23:12:36 GET /api/reviews 200 357ms
2025-09-07 23:12:46 GET /api/payments 200 63ms
2025-09-07 22:33:54 PUT /api/users 200 309ms
2025-09-07 22:46:56 PUT /api/payments 503 99999ms
2025-09-07 22:46:59 DELETE /api/orders 200 345ms
2025-09-07 23:13:06 PUT /api/users 999 476ms
2025-09-07 23:13:16 DELETE /api/products 404 176ms
2025-09-07 23:13:21 POST /api/orders 403 233ms
2025-09-07 23:13:26 PUT /api/payments 404 60ms
2025-09-07 22:47:17 POST /api/products 400 70ms
2025-09-07 23:00:28 GET /api/reviews 503 214ms
2025-09-07 23:00:32 POST /api/reviews 999 216ms
2025-09-07 23:00:36 DELETE /api/cart 200 50ms
2025-09-07 23:13:56 POST /api/cart 403 286ms
2025-09-07 22:21:09 GET /api/products 500 394ms
2025-09-07 22:34:24 DELETE /api/orders 200 350ms
2025-09-07 23:00:56 GET /api/products 403 162ms
2025-09-07 22:47:44 DELETE /api/reviews 404 368ms
2025-09-07 22:34:30 PUT /api/products 404 273ms
2025-09-07 22:47:50 PUT /api/users 200 414ms
2025-09-07 22:21:15 PUT /api/reviews 200 367ms
2025-09-07 23:14:36 GET /api/cart 999 55ms
2025-09-07 22:21:17 POST /api/products 200 387ms
2025-09-07 22:48:02 DELETE /api/orders 201 210ms
2025-09-07 23:14:51 DELETE /api/users 403 268ms
2025-09-07 22:34:44 PUT /api/orders 200 367ms
2025-09-07 23:01:36 POST /api/cart 200 492ms
2025-09-07 22:48:17 GET /api/cart 403 476ms
2025-09-07 22:34:52 GET /api/cart 200 465ms
2025-09-07 22:34:56 POST /api/payments 200 354ms
2025-09-07 22:48:29 GET /api/payments 404 160ms
2025-09-07 22:48:32 PUT /api/orders 200 469ms
2025-09-07 23:02:08 GET /api/payments 200 315ms
2025-09-07 22:48:38 DELETE /api/users 200 429ms
2025-09-07 23:02:16 POST /api/products 200 251ms
2025-09-07 22:21:32 PUT /api/products 999 340ms
2025-09-07 23:02:24 PUT /api/products 201 91ms
2025-09-07 23:16:06 PUT /api/cart 200 250ms
2025-09-07 22:48:53 PUT /api/orders 200 276ms
2025-09-07 22:21:36 DELETE /api/orders 200 109ms
2025-09-07 23:02:40 GET /api/reviews 500 383ms
2025-09-07 23:16:26 POST /api/orders 200 258ms
2025-09-07 22:21:39 PUT /api/payments 200 324ms
2025-09-07 22:35:24 DELETE /api/cart 403 112ms
2025-09-07 23:02:56 DELETE /api/users 200 469ms
2025-09-07 22:35:28 GET /api/payments 200 217ms
2025-09-07 23:16:51 POST /api/payments 404 70ms
2025-09-07 22:49:20 PUT /api/orders 200 133ms
2025-09-07 23:03:16 DELETE /api/products 200 112ms
2025-09-07 23:03:20 DELETE /api/payments 200 292ms
2025-09-07 22:35:40 POST /api/orders 200 79ms
2025-09-07 22:49:35 PUT /api/reviews 201 292ms
2025-09-07 23:17:26 POST /api/users 200 366ms
2025-09-07 22:35:48 PUT /api/payments 999 141ms
2025-09-07 23:17:41 DELETE /api/orders 200 109ms
2025-09-07 22:35:54 POST /api/reviews 403 229ms
2025-09-07 22:49:56 PUT /api/orders 200 257ms
2025-09-07 22:35:58 GET /api/payments 200 171ms
2025-09-07 23:18:06 POST /api/users 404 227ms
2025-09-07 22:21:59 POST /api/users 403 97ms
2025-09-07 23:04:12 DELETE /api/cart 200 435ms
2025-09-07 23:04:16 DELETE /api/reviews 200 289ms
2025-09-07 23:04:20 POST /api/reviews 200 68ms
2025-09-07 23:18:31 POST /api/users 200 242ms
2025-09-07 23:04:28 GET /api/cart 200 54ms
2025-09-07 22:36:14 PUT /api/reviews 500 459ms
2025-09-07 22:36:16 DELETE /api/payments 200 159ms
2025-09-07 23:19:01 GET /api/reviews 200 66ms
2025-09-07 22:50:38 DELETE /api/reviews 404 97ms
2025-09-07 23:19:11 PUT /api/users 401 370ms
2025-09-07 22:22:12 PUT /api/reviews 200 348ms
2025-09-07 23:19:21 PUT /api/reviews 400 83ms
2025-09-07 22:36:32 PUT /api/users 200 271ms
2025-09-07 23:19:31 GET /api/cart 502 248ms
2025-09-07 23:19:36 POST /api/orders 201 284ms
2025-09-07 22:22:17 PUT /api/payments 404 147ms
2025-09-07 23:05:28 POST /api/users 200 255ms
2025-09-07 22:36:44 PUT /api/users 200 109ms
2025-09-07 22:36:46 DELETE /api/orders 200 248ms
2025-09-07 22:36:48 PUT /api/reviews 200 178ms
2025-09-07 23:05:44 POST /api/products 404 324ms
2025-09-07 23:20:16 POST /api/orders 200 320ms
2025-09-07 23:20:21 PUT /api/payments 200 160ms
2025-09-07 22:51:26 POST /api/reviews 200 466ms
2025-09-07 23:06:00 PUT /api/payments 200 239ms
2025-09-07 23:06:04 DELETE /api/cart 200 265ms
2025-09-07 23:20:41 GET /api/payments 200 387ms
2025-09-07 22:51:38 PUT /api/users 999 286ms
2025-09-07 22:37:06 PUT /api/orders 200 267ms
2025-09-07 22:37:08 PUT /api/reviews 200 237ms
2025-09-07 23:21:01 POST /api/cart 200 149ms
2025-09-07 22:22:34 DELETE /api/orders 201 170ms
2025-09-07 22:51:53 GET /api/products 404 373ms
2025-09-07 22:37:16 GET /api/payments 500 350ms
2025-09-07 23:06:40 POST /api/payments 200 160ms
2025-09-07 22:52:02 GET /api/users 404 56ms
2025-09-07 22:22:39 POST /api/reviews 500 393ms
2025-09-07 22:22:40 GET /api/products 404 371ms
2025-09-07 23:06:56 POST /api/products 404 172ms
2025-09-07 22:37:28 PUT /api/products 200 181ms
2025-09-07 22:37:30 GET /api/products 503 433ms
2025-09-07 22:22:44 POST /api/payments 200 306ms
2025-09-07 23:22:01 PUT /api/payments 200 296ms
2025-09-07 23:22:06 GET /api/payments 200 341ms
2025-09-07 22:52:32 GET /api/products 200 435ms
2025-09-07 23:07:28 POST /api/products 500 470ms
2025-09-07 23:22:26 PUT /api/payments 200 458ms
2025-09-07 23:22:31 POST /api/products 404 96ms
2025-09-07 23:22:36 POST /api/products 502 241ms
2025-09-07 23:07:44 GET /api/payments 200 495ms
2025-09-07 23:22:46 POST /api/products 403 372ms
2025-09-07 22:52:53 POST /api/users 200 393ms
2025-09-07 23:07:56 POST /api/orders 200 213ms
2025-09-07 22:22:57 GET /api/reviews 200 324ms
2025-09-07 23:08:04 DELETE /api/orders 404 184ms
2025-09-07 22:22:59 GET /api/products 403 381ms
2025-09-07 23:08:12 GET /api/payments 200 346ms
2025-09-07 22:38:06 POST /api/users 999 393ms
2025-09-07 23:23:26 PUT /api/cart 502 493ms
2025-09-07 23:23:31 DELETE /api/cart 200 152ms
2025-09-07 22:23:04 GET /api/products 403 433ms
2025-09-07 22:53:23 PUT /api/products 200 239ms
2025-09-07 22:53:26 PUT /api/products 500 89ms
2025-09-07 23:23:51 POST /api/reviews 201 90ms
2025-09-07 23:08:44 POST /api/products 200 232ms
2025-09-07 22:23:09 POST /api/cart 200 148ms
2025-09-07 22:53:38 DELETE /api/cart 404 55ms
2025-09-07 22:38:26 DELETE /api/orders 200 75ms
2025-09-07 23:09:00 DELETE /api/orders 401 99ms
2025-09-07 23:24:21 GET /api/products 200 144ms
2025-09-07 22:53:50 DELETE /api/payments 200 58ms
2025-09-07 22:38:34 GET /api/orders 400 488ms
2025-09-07 22:23:16 GET /api/cart 403 113ms
2025-09-07 22:38:38 PUT /api/orders 200 366ms
2025-09-07 23:09:24 PUT /api/orders 404 126ms
2025-09-07 22:38:42 GET /api/cart 200 127ms
2025-09-07 22:54:08 DELETE /api/payments 403 319ms
2025-09-07 23:09:36 DELETE /api/orders 999 421ms
2025-09-07 22:38:48 DELETE /api/payments 200 273ms
2025-09-07 23:25:11 POST /api/payments 401 175ms
2025-09-07 22:23:24 POST /api/orders 200 281ms
2025-09-07 23:09:52 PUT /api/users 200 168ms
2025-09-07 22:54:26 PUT /api/users 200 57ms
2025-09-07 22:54:29 POST /api/products 404 227ms
2025-09-07 23:10:04 PUT /api/reviews 502 423ms
2025-09-07 23:10:08 DELETE /api/cart 200 196ms
2025-09-07 22:23:30 DELETE /api/users 200 319ms
2025-09-07 22:39:06 PUT /api/products 201 440ms
2025-09-07 23:10:20 GET /api/products 200 302ms
2025-09-07 22:39:10 PUT /api/orders 200 137ms
2025-09-07 22:39:12 PUT /api/orders 200 53ms
2025-09-07 22:54:53 PUT /api/orders 201 98ms
2025-09-07 22:23:36 POST /api/cart 201 393ms
2025-09-07 23:26:21 GET /api/orders 999 349ms
2025-09-07 22:39:20 DELETE /api/cart 200 220ms
2025-09-07 22:23:39 POST /api/reviews 200 157ms
2025-09-07 22:39:24 POST /api/products 404 441ms
2025-09-07 23:26:41 PUT /api/payments 400 187ms
2025-09-07 23:11:00 PUT /api/payments 502 201ms
2025-09-07 23:26:51 PUT /api/cart 200 51ms
2025-09-07 22:23:44 GET /api/users 401 450ms
2025-09-07 22:55:23 POST /api/users 200 99999ms
2025-09-07 22:39:36 PUT /api/payments 200 358ms
2025-09-07 22:55:29 PUT /api/orders 201 168ms
2025-09-07 23:27:16 GET /api/reviews 403 233ms
2025-09-07 23:11:28 DELETE /api/cart 400 422ms
2025-09-07 23:11:40 PUT /api/orders 200 452ms
2025-09-07 23:11:44 PUT /api/cart 200 353ms
2025-09-07 23:27:46 POST /api/orders 403 451ms
2025-09-07 23:11:56 GET /api/payments 999 315ms
2025-09-07 23:12:00 PUT /api/users 200 364ms
2025-09-07 22:40:00 PUT /api/products 200 333ms
2025-09-07 22:56:05 GET /api/orders 200 235ms
2025-09-07 22:40:04 PUT /api/cart 503 192ms
2025-09-07 22:24:01 POST /api/payments 200 324ms
2025-09-07 23:12:20 DELETE /api/cart 404 491ms
2025-09-07 22:40:10 POST /api/orders 400 457ms
2025-09-07 23:28:36 PUT /api/orders 201 126ms
2025-09-07 22:40:14 POST /api/reviews 200 290ms
2025-09-07 23:12:36 POST /api/orders 400 297ms
2025-09-07 22:56:29 GET /api/products 999 292ms
2025-09-07 23:12:44 POST /api/orders 200 175ms
2025-09-07 22:56:35 PUT /api/users 999 152ms
2025-09-07 22:24:10 GET /api/orders 999 355ms
2025-09-07 23:29:11 DELETE /api/reviews 200 414ms
2025-09-07 22:40:28 PUT /api/payments 200 367ms
2025-09-07 23:29:21 POST /api/payments 200 348ms
2025-09-07 23:29:26 GET /api/products 400 398ms
2025-09-07 22:40:34 PUT /api/orders 404 388ms
2025-09-07 22:56:56 DELETE /api/products 200 155ms
2025-09-07 22:24:17 PUT /api/orders 200 116ms
2025-09-07 22:40:40 POST /api/cart 200 495ms
2025-09-07 22:40:42 POST /api/users 200 61ms
2025-09-07 22:40:44 DELETE /api/cart 200 57ms
2025-09-07 23:13:36 DELETE /api/reviews 201 296ms
2025-09-07 22:24:22 PUT /api/products 404 419ms
2025-09-07 23:30:11 DELETE /api/users 200 149ms
2025-09-07 23:30:16 GET /api/orders 200 258ms
2025-09-07 22:24:25 GET /api/products 200 338ms
2025-09-07 23:13:56 DELETE /api/cart 200 409ms
2025-09-07 22:24:27 PUT /api/cart 200 114ms
2025-09-07 22:24:28 GET /api/users 200 284ms
2025-09-07 22:41:04 DELETE /api/payments 200 61ms
2025-09-07 22:41:06 POST /api/users 200 356ms
2025-09-07 23:14:20 PUT /api/orders 200 265ms
2025-09-07 23:14:24 PUT /api/products 200 461ms
2025-09-07 22:41:12 POST /api/orders 401 468ms
2025-09-07 23:14:32 POST /api/orders 200 62ms
