2025-09-06 19:50:56 PUT /api/orders 404 391ms
2025-09-06 19:51:01 POST /api/payments 200 123ms
2025-09-06 19:51:04 PUT /api/payments 200 206ms
2025-09-06 19:51:05 POST /api/users 200 416ms
2025-09-06 19:51:08 GET /api/orders 500 166ms
2025-09-06 19:51:21 GET /api/payments 400 267ms
2025-09-06 19:51:20 PUT /api/products 200 216ms
2025-09-06 19:51:03 POST /api/orders 200 351ms
2025-09-06 19:51:04 DELETE /api/reviews 200 177ms
2025-09-06 19:51:14 POST /api/orders 200 423ms
2025-09-06 19:51:16 GET /api/products 200 171ms
2025-09-06 19:51:40 PUT /api/reviews 200 95ms
2025-09-06 19:51:32 PUT /api/cart 200 134ms
2025-09-06 19:52:01 GET /api/payments 200 431ms
2025-09-06 19:51:52 PUT /api/cart 500 197ms
2025-09-06 19:51:41 POST /api/products 404 330ms
2025-09-06 19:51:44 PUT /api/payments 200 480ms
2025-09-06 19:52:21 GET /api/orders 500 326ms
2025-09-06 19:51:50 DELETE /api/users 403 151ms
2025-09-06 19:51:34 GET /api/reviews 200 164ms
2025-09-06 19:52:16 GET /api/orders 200 91ms
2025-09-06 19:52:20 POST /api/users 403 149ms
2025-09-06 19:52:02 POST /api/users 200 193ms
2025-09-06 19:52:51 PUT /api/payments 200 386ms
2025-09-06 19:52:08 DELETE /api/products 401 344ms
2025-09-06 19:53:01 PUT /api/orders 500 295ms
2025-09-06 19:51:22 PUT /api/reviews 200 102ms
2025-09-06 19:51:23 POST /api/users 200 59ms
2025-09-06 19:51:24 GET /api/cart 200 121ms
2025-09-06 19:52:52 POST /api/products 201 224ms
2025-09-06 19:52:56 POST /api/reviews 200 151ms
2025-09-06 19:51:27 POST /api/users 200 473ms
2025-09-06 19:51:28 POST /api/cart 200 208ms
2025-09-06 19:53:41 PUT /api/products 200 310ms
2025-09-06 19:51:30 PUT /api/products 404 62ms
2025-09-06 19:52:41 GET /api/reviews 200 155ms
2025-09-06 19:52:44 PUT /api/cart 200 275ms
2025-09-06 19:52:47 DELETE /api/users 404 213ms
2025-09-06 19:54:06 DELETE /api/users 401 408ms
2025-09-06 19:52:14 POST /api/cart 401 145ms
2025-09-06 19:53:36 GET /api/cart 200 483ms
2025-09-06 19:52:59 DELETE /api/users 200 273ms
2025-09-06 19:51:38 GET /api/payments 200 459ms
2025-09-06 19:53:48 PUT /api/payments 404 171ms
2025-09-06 19:54:36 DELETE /api/payments 401 170ms
2025-09-06 19:51:41 GET /api/orders 502 497ms
2025-09-06 19:54:46 POST /api/users 500 138ms
2025-09-06 19:53:17 DELETE /api/products 404 154ms
2025-09-06 19:54:56 GET /api/users 200 151ms
2025-09-06 19:53:23 PUT /api/reviews 200 67ms
2025-09-06 19:54:16 PUT /api/payments 503 113ms
2025-09-06 19:51:47 GET /api/payments 500 53ms
2025-09-06 19:51:48 PUT /api/reviews 200 253ms
2025-09-06 19:51:49 POST /api/products 200 92ms
2025-09-06 19:54:32 POST /api/payments 201 62ms
2025-09-06 19:54:36 GET /api/products 200 204ms
2025-09-06 19:52:48 PUT /api/orders 200 70ms
2025-09-06 19:55:41 POST /api/orders 404 96ms
2025-09-06 19:51:54 POST /api/products 200 409ms
2025-09-06 19:55:51 PUT /api/reviews 502 479ms
2025-09-06 19:51:56 GET /api/products 200 319ms
2025-09-06 19:51:57 PUT /api/cart 200 384ms
2025-09-06 19:56:06 POST /api/reviews 400 324ms
2025-09-06 19:51:59 DELETE /api/reviews 200 291ms
2025-09-06 19:55:12 PUT /api/cart 201 293ms
2025-09-06 19:56:21 POST /api/cart 200 393ms
2025-09-06 19:56:26 POST /api/reviews 502 278ms
2025-09-06 19:54:17 POST /api/orders 200 306ms
2025-09-06 19:56:36 DELETE /api/cart 502 85ms
2025-09-06 19:53:14 POST /api/cart 500 435ms
2025-09-06 19:55:36 DELETE /api/cart 200 360ms
2025-09-06 19:53:18 PUT /api/orders 200 226ms
2025-09-06 19:55:44 PUT /api/orders 200 59ms
2025-09-06 19:52:09 GET /api/orders 200 377ms
2025-09-06 19:54:38 GET /api/orders 200 315ms
2025-09-06 19:53:26 POST /api/cart 200 283ms
2025-09-06 19:54:44 PUT /api/reviews 200 270ms
2025-09-06 19:53:30 DELETE /api/orders 200 212ms
2025-09-06 19:53:32 GET /api/users 200 232ms
2025-09-06 19:54:53 DELETE /api/cart 404 305ms
2025-09-06 19:53:36 POST /api/reviews 200 343ms
2025-09-06 19:56:20 DELETE /api/cart 200 160ms
2025-09-06 19:52:18 PUT /api/reviews 200 461ms
2025-09-06 19:56:28 DELETE /api/orders 403 423ms
2025-09-06 19:53:44 POST /api/cart 403 395ms
2025-09-06 19:55:11 GET /api/cart 401 184ms
2025-09-06 19:52:22 DELETE /api/cart 500 457ms
2025-09-06 19:53:50 PUT /api/products 404 262ms
2025-09-06 19:56:48 DELETE /api/users 200 156ms
2025-09-06 19:56:52 DELETE /api/orders 404 194ms
2025-09-06 19:53:56 GET /api/users 200 307ms
2025-09-06 19:55:29 POST /api/products 403 364ms
2025-09-06 19:52:28 POST /api/orders 200 385ms
2025-09-06 19:58:41 DELETE /api/reviews 200 152ms
2025-09-06 19:54:04 DELETE /api/payments 200 140ms
2025-09-06 19:54:06 GET /api/orders 200 329ms
2025-09-06 19:55:44 GET /api/orders 200 74ms
2025-09-06 19:57:24 DELETE /api/reviews 404 487ms
2025-09-06 19:55:50 DELETE /api/products 200 255ms
2025-09-06 19:52:35 DELETE /api/reviews 401 263ms
2025-09-06 19:52:36 PUT /api/orders 200 315ms
2025-09-06 19:59:21 POST /api/orders 200 425ms
2025-09-06 19:52:38 POST /api/orders 200 254ms
2025-09-06 19:52:39 DELETE /api/payments 200 347ms
2025-09-06 19:56:08 POST /api/orders 200 481ms
2025-09-06 19:59:41 POST /api/orders 500 499ms
2025-09-06 19:56:14 PUT /api/products 200 130ms
2025-09-06 19:56:17 GET /api/products 200 100ms
2025-09-06 19:59:56 PUT /api/orders 200 345ms
2025-09-06 19:58:12 PUT /api/products 200 356ms
2025-09-06 19:56:26 POST /api/products 200 245ms
2025-09-06 19:52:47 PUT /api/users 200 136ms
2025-09-06 19:58:24 POST /api/products 200 431ms
2025-09-06 19:56:35 POST /api/orders 200 426ms
2025-09-06 19:56:38 PUT /api/cart 200 392ms
2025-09-06 19:52:51 DELETE /api/orders 200 83ms
2025-09-06 19:54:48 PUT /api/payments 200 143ms
2025-09-06 19:54:50 DELETE /api/payments 200 146ms
2025-09-06 20:00:46 GET /api/reviews 200 89ms
2025-09-06 19:52:55 GET /api/payments 200 134ms
2025-09-06 19:54:56 GET /api/products 200 173ms
2025-09-06 19:52:57 POST /api/users 401 341ms
2025-09-06 19:52:58 POST /api/payments 200 322ms
2025-09-06 19:52:59 PUT /api/products 400 241ms
2025-09-06 19:53:00 POST /api/payments 200 216ms
2025-09-06 20:01:21 DELETE /api/orders 404 350ms
2025-09-06 19:59:20 GET /api/cart 401 389ms
2025-09-06 19:57:17 POST /api/users 400 492ms
2025-09-06 19:55:12 POST /api/payments 200 431ms
2025-09-06 19:59:32 POST /api/reviews 503 115ms
2025-09-06 19:55:16 GET /api/payments 200 124ms
2025-09-06 19:59:40 DELETE /api/products 200 51ms
2025-09-06 19:55:20 PUT /api/orders 404 479ms
2025-09-06 20:02:01 POST /api/users 403 379ms
2025-09-06 19:53:10 GET /api/users 200 442ms
2025-09-06 19:57:41 POST /api/cart 403 423ms
2025-09-06 19:57:44 PUT /api/orders 200 342ms
2025-09-06 19:57:47 POST /api/payments 404 256ms
2025-09-06 19:57:50 DELETE /api/payments 200 186ms
2025-09-06 19:55:34 PUT /api/payments 500 189ms
2025-09-06 20:02:36 POST /api/cart 403 162ms
2025-09-06 20:00:20 GET /api/users 200 254ms
2025-09-06 19:53:18 GET /api/users 200 159ms
2025-09-06 20:00:28 DELETE /api/products 200 465ms
2025-09-06 19:53:20 PUT /api/users 200 398ms
2025-09-06 20:00:36 GET /api/users 401 219ms
2025-09-06 20:00:40 POST /api/cart 200 333ms
2025-09-06 20:03:11 POST /api/reviews 200 411ms
2025-09-06 20:00:48 PUT /api/users 200 418ms
2025-09-06 19:53:25 POST /api/reviews 200 294ms
2025-09-06 19:53:26 POST /api/orders 502 55ms
2025-09-06 20:03:31 PUT /api/products 201 475ms
2025-09-06 19:56:00 DELETE /api/cart 500 341ms
2025-09-06 19:53:29 GET /api/orders 404 452ms
2025-09-06 20:01:12 DELETE /api/products 200 465ms
2025-09-06 19:56:06 GET /api/products 200 444ms
2025-09-06 19:53:32 DELETE /api/payments 200 229ms
2025-09-06 19:53:33 POST /api/reviews 200 474ms
2025-09-06 20:04:06 POST /api/payments 200 280ms
2025-09-06 19:58:53 DELETE /api/payments 200 370ms
2025-09-06 20:04:16 DELETE /api/payments 200 135ms
2025-09-06 20:01:40 POST /api/reviews 503 157ms
2025-09-06 20:04:26 GET /api/orders 200 350ms
2025-09-06 20:04:31 POST /api/products 404 132ms
2025-09-06 19:53:40 GET /api/reviews 500 269ms
2025-09-06 19:56:26 DELETE /api/payments 500 440ms
2025-09-06 19:59:14 POST /api/products 200 399ms
2025-09-06 20:04:51 PUT /api/reviews 400 285ms
2025-09-06 20:04:56 POST /api/orders 200 215ms
2025-09-06 19:56:34 PUT /api/users 200 149ms
2025-09-06 20:02:16 DELETE /api/users 400 210ms
2025-09-06 19:59:29 PUT /api/reviews 200 87ms
2025-09-06 19:59:32 PUT /api/cart 401 216ms
2025-09-06 20:05:21 PUT /api/cart 200 263ms
2025-09-06 20:05:26 GET /api/users 200 62ms
2025-09-06 20:02:36 POST /api/products 200 114ms
2025-09-06 20:02:40 GET /api/payments 200 411ms
2025-09-06 20:02:44 DELETE /api/reviews 200 299ms
2025-09-06 20:02:48 GET /api/products 201 51ms
2025-09-06 20:05:51 PUT /api/reviews 200 60ms
2025-09-06 19:56:56 DELETE /api/payments 201 150ms
2025-09-06 19:53:57 DELETE /api/reviews 404 260ms
2025-09-06 20:06:06 DELETE /api/payments 502 409ms
2025-09-06 20:06:11 PUT /api/products 404 500ms
2025-09-06 20:03:12 DELETE /api/orders 200 377ms
2025-09-06 20:06:21 PUT /api/reviews 200 245ms
2025-09-06 19:54:02 GET /api/cart 200 201ms
2025-09-06 19:57:10 PUT /api/products 200 81ms
2025-09-06 20:06:36 DELETE /api/reviews 200 452ms
2025-09-06 19:57:14 DELETE /api/reviews 400 273ms
2025-09-06 19:57:16 PUT /api/products 400 334ms
2025-09-06 19:57:18 POST /api/payments 200 97ms
2025-09-06 20:06:56 DELETE /api/products 500 140ms
2025-09-06 19:54:09 POST /api/orders 200 406ms
2025-09-06 20:00:38 POST /api/payments 404 382ms
2025-09-06 19:57:26 PUT /api/payments 200 476ms
2025-09-06 20:04:00 POST /api/payments 500 135ms
2025-09-06 19:57:30 DELETE /api/users 200 417ms
2025-09-06 19:54:14 DELETE /api/cart 200 103ms
2025-09-06 19:57:34 GET /api/cart 200 435ms
2025-09-06 20:04:16 GET /api/cart 200 92ms
2025-09-06 20:04:20 GET /api/cart 200 149ms
2025-09-06 20:01:02 POST /api/reviews 200 319ms
2025-09-06 20:07:51 POST /api/users 201 439ms
2025-09-06 19:57:44 DELETE /api/cart 404 362ms
2025-09-06 19:57:46 POST /api/reviews 401 275ms
2025-09-06 19:54:22 DELETE /api/reviews 200 240ms
2025-09-06 19:54:23 DELETE /api/payments 200 313ms
2025-09-06 19:57:52 DELETE /api/reviews 502 73ms
2025-09-06 19:54:25 GET /api/cart 400 60ms
2025-09-06 20:01:26 DELETE /api/orders 500 313ms
2025-09-06 19:57:58 PUT /api/users 200 76ms
2025-09-06 19:54:28 PUT /api/cart 404 370ms
2025-09-06 19:58:02 DELETE /api/cart 500 214ms
2025-09-06 20:05:12 DELETE /api/payments 200 118ms
2025-09-06 19:58:06 DELETE /api/payments 404 440ms
2025-09-06 20:05:20 POST /api/orders 502 136ms
2025-09-06 19:54:33 DELETE /api/users 200 372ms
2025-09-06 19:58:12 PUT /api/cart 200 158ms
2025-09-06 19:58:14 PUT /api/products 200 500ms
2025-09-06 19:58:16 PUT /api/reviews 200 463ms
2025-09-06 20:01:59 POST /api/products 401 437ms
2025-09-06 20:02:02 POST /api/users 200 111ms
2025-09-06 19:58:22 DELETE /api/users 200 426ms
2025-09-06 19:54:40 DELETE /api/orders 200 413ms
2025-09-06 19:58:26 POST /api/reviews 200 432ms
2025-09-06 19:58:28 GET /api/orders 201 456ms
2025-09-06 19:58:30 POST /api/payments 200 197ms
2025-09-06 19:54:44 PUT /api/users 200 471ms
2025-09-06 19:54:45 DELETE /api/payments 200 109ms
2025-09-06 20:02:26 PUT /api/cart 404 123ms
2025-09-06 20:06:20 POST /api/cart 200 397ms
2025-09-06 20:02:32 DELETE /api/products 500 111ms
2025-09-06 20:06:28 POST /api/users 200 320ms
2025-09-06 19:58:44 GET /api/cart 404 256ms
2025-09-06 19:58:46 POST /api/users 404 320ms
2025-09-06 20:06:40 POST /api/cart 200 172ms
2025-09-06 20:10:41 DELETE /api/users 500 180ms
2025-09-06 19:54:54 POST /api/cart 200 293ms
2025-09-06 20:06:52 DELETE /api/payments 200 358ms
2025-09-06 20:06:56 PUT /api/reviews 404 168ms
2025-09-06 20:07:00 PUT /api/reviews 200 297ms
2025-09-06 20:03:02 GET /api/orders 200 144ms
2025-09-06 20:07:08 POST /api/orders 200 357ms
2025-09-06 19:55:00 DELETE /api/products 200 434ms
2025-09-06 20:11:21 PUT /api/reviews 401 94ms
2025-09-06 19:59:08 DELETE /api/payments 200 479ms
2025-09-06 20:11:31 PUT /api/cart 200 377ms
2025-09-06 20:11:36 DELETE /api/orders 400 346ms
2025-09-06 19:59:14 PUT /api/products 200 185ms
2025-09-06 20:03:26 POST /api/payments 200 243ms
2025-09-06 20:07:40 DELETE /api/payments 404 492ms
2025-09-06 19:55:08 PUT /api/orders 200 388ms
2025-09-06 20:12:01 POST /api/products 404 77ms
2025-09-06 20:03:38 DELETE /api/reviews 200 230ms
2025-09-06 19:59:26 POST /api/orders 200 292ms
2025-09-06 20:03:44 GET /api/reviews 403 290ms
2025-09-06 19:59:30 POST /api/cart 200 293ms
2025-09-06 19:59:32 POST /api/reviews 200 65ms
2025-09-06 20:03:53 GET /api/users 500 335ms
2025-09-06 20:03:56 POST /api/payments 200 158ms
2025-09-06 19:59:38 POST /api/payments 500 355ms
2025-09-06 20:08:24 GET /api/orders 200 135ms
2025-09-06 20:08:28 PUT /api/users 200 385ms
2025-09-06 20:04:08 PUT /api/users 200 71ms
2025-09-06 20:08:36 GET /api/payments 404 477ms
2025-09-06 20:08:40 POST /api/users 200 423ms
2025-09-06 20:13:11 GET /api/cart 400 168ms
2025-09-06 20:04:20 DELETE /api/products 200 298ms
2025-09-06 20:08:52 GET /api/users 404 462ms
2025-09-06 20:13:26 PUT /api/products 200 269ms
2025-09-06 19:59:58 GET /api/users 500 377ms
2025-09-06 20:09:04 GET /api/orders 200 491ms
2025-09-06 20:04:35 GET /api/orders 201 258ms
2025-09-06 20:00:04 GET /api/orders 201 356ms
2025-09-06 20:00:06 PUT /api/reviews 200 267ms
2025-09-06 20:13:56 GET /api/users 201 466ms
2025-09-06 19:55:33 POST /api/products 200 176ms
2025-09-06 20:00:12 GET /api/cart 403 280ms
2025-09-06 20:00:14 POST /api/reviews 403 213ms
2025-09-06 20:04:56 POST /api/products 200 64ms
2025-09-06 20:14:21 POST /api/reviews 401 229ms
2025-09-06 20:14:26 DELETE /api/orders 200 262ms
2025-09-06 20:05:05 POST /api/payments 500 129ms
2025-09-06 20:09:52 PUT /api/users 200 89ms
2025-09-06 20:05:11 PUT /api/products 200 128ms
2025-09-06 20:10:00 POST /api/products 200 214ms
2025-09-06 20:14:51 GET /api/users 200 174ms
2025-09-06 20:10:08 PUT /api/orders 200 104ms
2025-09-06 20:00:34 DELETE /api/cart 200 176ms
2025-09-06 20:15:06 POST /api/users 201 454ms
2025-09-06 20:05:29 GET /api/cart 200 279ms
2025-09-06 20:05:32 GET /api/users 404 441ms
2025-09-06 20:05:35 DELETE /api/reviews 404 283ms
2025-09-06 20:05:38 DELETE /api/reviews 200 392ms
2025-09-06 20:10:36 PUT /api/reviews 500 439ms
2025-09-06 20:00:48 PUT /api/users 200 79ms
2025-09-06 20:05:47 GET /api/orders 200 374ms
2025-09-06 20:05:50 GET /api/orders 200 437ms
2025-09-06 20:00:54 POST /api/payments 200 452ms
2025-09-06 20:15:56 GET /api/payments 200 469ms
2025-09-06 20:05:59 POST /api/payments 401 352ms
2025-09-06 20:11:04 POST /api/users 400 464ms
2025-09-06 20:11:08 POST /api/products 200 257ms
2025-09-06 19:56:00 GET /api/products 401 452ms
2025-09-06 20:06:11 PUT /api/cart 503 405ms
2025-09-06 20:11:20 POST /api/users 200 375ms
2025-09-06 20:16:31 POST /api/users 200 244ms
2025-09-06 20:11:28 POST /api/users 200 52ms
2025-09-06 20:06:23 PUT /api/orders 403 327ms
2025-09-06 20:06:26 DELETE /api/payments 403 454ms
2025-09-06 20:11:40 PUT /api/orders 200 89ms
2025-09-06 20:11:44 POST /api/cart 200 93ms
2025-09-06 20:06:35 POST /api/users 200 425ms
2025-09-06 20:01:24 DELETE /api/orders 401 487ms
2025-09-06 20:11:56 DELETE /api/payments 200 79ms
2025-09-06 20:12:00 POST /api/reviews 200 267ms
2025-09-06 20:12:04 PUT /api/payments 200 152ms
2025-09-06 20:12:08 PUT /api/orders 401 291ms
2025-09-06 20:06:53 PUT /api/users 403 365ms
2025-09-06 20:01:36 DELETE /api/payments 200 131ms
2025-09-06 20:06:59 DELETE /api/payments 200 191ms
2025-09-06 20:17:46 POST /api/orders 200 259ms
2025-09-06 20:12:28 GET /api/products 200 195ms
2025-09-06 20:12:32 GET /api/users 200 367ms
2025-09-06 20:07:11 DELETE /api/orders 400 51ms
2025-09-06 20:07:14 DELETE /api/users 200 342ms
2025-09-06 20:07:17 PUT /api/cart 200 70ms
2025-09-06 19:56:24 GET /api/payments 200 174ms
2025-09-06 20:18:21 PUT /api/payments 200 304ms
2025-09-06 19:56:26 PUT /api/cart 201 364ms
2025-09-06 20:07:29 DELETE /api/cart 503 322ms
2025-09-06 20:07:32 DELETE /api/users 500 51ms
2025-09-06 19:56:29 DELETE /api/cart 401 109ms
2025-09-06 19:56:30 POST /api/payments 200 377ms
2025-09-06 20:02:06 DELETE /api/cart 404 370ms
2025-09-06 20:07:44 POST /api/products 200 310ms
2025-09-06 19:56:33 GET /api/products 200 375ms
2025-09-06 20:13:28 PUT /api/cart 200 378ms
2025-09-06 20:13:32 POST /api/payments 200 238ms
2025-09-06 20:02:16 DELETE /api/cart 404 435ms
2025-09-06 20:07:59 POST /api/payments 200 153ms
2025-09-06 20:13:44 PUT /api/products 404 480ms
2025-09-06 20:08:05 DELETE /api/orders 200 156ms
2025-09-06 19:56:40 POST /api/reviews 200 311ms
2025-09-06 20:13:56 POST /api/users 200 468ms
2025-09-06 20:02:28 PUT /api/products 404 137ms
2025-09-06 20:02:30 GET /api/users 200 368ms
2025-09-06 19:56:44 GET /api/users 200 108ms
2025-09-06 20:20:01 GET /api/users 200 463ms
2025-09-06 20:14:16 PUT /api/products 200 70ms
2025-09-06 20:20:11 DELETE /api/products 200 181ms
2025-09-06 19:56:48 POST /api/products 404 382ms
2025-09-06 20:08:35 GET /api/products 200 208ms
2025-09-06 20:20:26 GET /api/reviews 404 332ms
2025-09-06 20:02:46 POST /api/users 200 459ms
2025-09-06 19:56:52 PUT /api/products 200 390ms
2025-09-06 20:14:44 PUT /api/reviews 200 63ms
2025-09-06 20:20:46 POST /api/payments 200 399ms
2025-09-06 20:14:52 GET /api/reviews 200 316ms
2025-09-06 20:02:56 POST /api/users 200 158ms
2025-09-06 20:21:01 GET /api/products 201 114ms
2025-09-06 20:21:06 PUT /api/orders 200 133ms
2025-09-06 20:21:11 GET /api/reviews 404 339ms
2025-09-06 20:15:12 GET /api/payments 200 60ms
2025-09-06 20:03:06 PUT /api/users 200 368ms
2025-09-06 19:57:02 DELETE /api/users 200 407ms
2025-09-06 20:03:10 POST /api/payments 200 181ms
2025-09-06 20:09:20 PUT /api/reviews 200 147ms
2025-09-06 19:57:05 DELETE /api/cart 200 498ms
2025-09-06 20:03:16 PUT /api/reviews 400 165ms
2025-09-06 20:09:29 GET /api/orders 200 379ms
2025-09-06 20:21:56 GET /api/cart 200 85ms
2025-09-06 20:09:35 PUT /api/orders 500 243ms
2025-09-06 20:15:52 GET /api/cart 200 259ms
2025-09-06 20:22:11 POST /api/cart 200 487ms
2025-09-06 20:22:16 POST /api/products 404 411ms
2025-09-06 20:09:47 GET /api/products 500 256ms
2025-09-06 20:09:50 POST /api/users 200 388ms
2025-09-06 20:09:53 GET /api/cart 404 109ms
2025-09-06 20:03:36 PUT /api/orders 200 307ms
2025-09-06 20:22:41 GET /api/products 403 420ms
2025-09-06 20:22:46 PUT /api/users 200 278ms
2025-09-06 20:22:51 DELETE /api/users 500 299ms
2025-09-06 19:57:20 POST /api/users 200 421ms
2025-09-06 20:16:36 POST /api/reviews 201 267ms
2025-09-06 20:23:06 POST /api/users 403 443ms
2025-09-06 20:16:44 GET /api/cart 404 301ms
2025-09-06 19:57:24 POST /api/cart 200 104ms
2025-09-06 20:23:21 GET /api/orders 201 289ms
2025-09-06 20:10:26 GET /api/orders 503 296ms
2025-09-06 20:10:29 GET /api/orders 200 228ms
2025-09-06 20:17:04 PUT /api/users 400 489ms
2025-09-06 20:17:08 DELETE /api/cart 200 488ms
2025-09-06 19:57:30 PUT /api/payments 502 103ms
2025-09-06 20:04:06 GET /api/reviews 404 240ms
2025-09-06 20:23:56 POST /api/cart 200 248ms
2025-09-06 20:17:24 GET /api/payments 200 377ms
2025-09-06 19:57:34 GET /api/payments 201 391ms
2025-09-06 20:04:14 DELETE /api/users 502 285ms
2025-09-06 19:57:36 DELETE /api/products 200 287ms
2025-09-06 20:24:21 PUT /api/users 200 472ms
2025-09-06 20:17:44 PUT /api/payments 200 330ms
2025-09-06 19:57:39 DELETE /api/products 400 414ms
2025-09-06 19:57:40 GET /api/users 200 122ms
2025-09-06 20:17:56 DELETE /api/orders 200 474ms
2025-09-06 20:24:46 PUT /api/reviews 200 448ms
2025-09-06 20:04:30 PUT /api/reviews 503 344ms
2025-09-06 20:18:08 DELETE /api/users 200 318ms
2025-09-06 20:18:12 DELETE /api/users 200 255ms
2025-09-06 19:57:46 PUT /api/reviews 400 400ms
2025-09-06 20:25:11 PUT /api/products 200 93ms
2025-09-06 19:57:48 POST /api/reviews 200 181ms
2025-09-06 20:04:42 PUT /api/orders 400 230ms
2025-09-06 20:11:38 DELETE /api/users 200 84ms
2025-09-06 19:57:51 POST /api/products 200 475ms
2025-09-06 20:11:44 POST /api/products 404 129ms
2025-09-06 20:18:44 DELETE /api/products 400 60ms
2025-09-06 20:04:52 DELETE /api/payments 200 270ms
2025-09-06 19:57:55 PUT /api/products 401 76ms
2025-09-06 19:57:56 DELETE /api/payments 201 76ms
2025-09-06 19:57:57 POST /api/cart 200 332ms
2025-09-06 19:57:58 PUT /api/orders 200 225ms
2025-09-06 20:12:05 POST /api/cart 404 261ms
2025-09-06 20:26:16 POST /api/payments 502 172ms
2025-09-06 20:19:16 GET /api/payments 200 167ms
2025-09-06 20:19:20 PUT /api/reviews 404 62ms
2025-09-06 20:19:24 PUT /api/reviews 200 61ms
2025-09-06 20:05:12 DELETE /api/orders 200 164ms
2025-09-06 20:12:23 POST /api/payments 502 386ms
2025-09-06 20:12:26 GET /api/orders 200 289ms
2025-09-06 20:12:29 PUT /api/cart 200 361ms
2025-09-06 20:05:20 POST /api/reviews 200 367ms
2025-09-06 20:05:22 PUT /api/reviews 200 132ms
2025-09-06 20:19:52 GET /api/users 400 439ms
2025-09-06 20:12:41 POST /api/products 200 229ms
2025-09-06 20:20:00 POST /api/payments 200 142ms
2025-09-06 20:27:21 POST /api/products 200 138ms
2025-09-06 20:05:32 PUT /api/users 200 473ms
2025-09-06 20:05:34 POST /api/cart 200 375ms
2025-09-06 20:05:36 GET /api/users 200 72ms
2025-09-06 19:58:17 POST /api/users 200 154ms
2025-09-06 20:05:40 DELETE /api/reviews 200 243ms
2025-09-06 20:13:05 GET /api/products 200 368ms
2025-09-06 20:13:08 POST /api/reviews 200 456ms
2025-09-06 20:20:36 PUT /api/orders 404 431ms
2025-09-06 20:20:40 GET /api/reviews 200 364ms
2025-09-06 20:13:17 PUT /api/users 401 174ms
2025-09-06 20:28:16 GET /api/products 500 418ms
2025-09-06 19:58:25 POST /api/users 404 370ms
2025-09-06 20:05:56 DELETE /api/products 404 132ms
2025-09-06 20:05:58 PUT /api/products 200 219ms
2025-09-06 19:58:28 POST /api/payments 200 435ms
2025-09-06 20:21:08 GET /api/orders 200 83ms
2025-09-06 20:13:38 DELETE /api/orders 403 62ms
2025-09-06 19:58:31 DELETE /api/payments 200 338ms
2025-09-06 20:21:20 GET /api/payments 200 255ms
2025-09-06 20:29:01 PUT /api/users 200 405ms
2025-09-06 19:58:34 DELETE /api/cart 401 89ms
2025-09-06 19:58:35 PUT /api/orders 200 340ms
2025-09-06 20:21:36 DELETE /api/payments 200 181ms
2025-09-06 20:13:59 GET /api/users 200 270ms
2025-09-06 20:29:26 DELETE /api/reviews 500 83ms
2025-09-06 20:14:05 DELETE /api/cart 503 99ms
2025-09-06 20:29:36 DELETE /api/payments 200 258ms
2025-09-06 20:06:26 POST /api/cart 403 358ms
2025-09-06 20:29:46 DELETE /api/payments 200 127ms
2025-09-06 20:06:30 POST /api/orders 200 300ms
2025-09-06 20:14:20 GET /api/reviews 200 302ms
2025-09-06 20:30:01 DELETE /api/reviews 400 63ms
2025-09-06 20:22:16 PUT /api/reviews 200 96ms
2025-09-06 20:06:38 GET /api/payments 200 485ms
2025-09-06 20:30:16 GET /api/users 200 60ms
2025-09-06 20:22:28 POST /api/reviews 200 404ms
2025-09-06 20:30:26 GET /api/users 200 69ms
2025-09-06 20:06:46 GET /api/orders 200 267ms
2025-09-06 20:14:44 PUT /api/payments 200 432ms
2025-09-06 20:14:47 PUT /api/orders 200 366ms
2025-09-06 20:06:52 POST /api/users 200 123ms
2025-09-06 20:22:52 GET /api/users 200 288ms
2025-09-06 20:30:56 PUT /api/users 200 404ms
2025-09-06 20:14:59 POST /api/orders 400 123ms
2025-09-06 20:15:02 POST /api/cart 200 165ms
2025-09-06 19:58:59 DELETE /api/users 200 64ms
2025-09-06 19:59:00 GET /api/cart 401 359ms
2025-09-06 19:59:01 DELETE /api/cart 200 402ms
2025-09-06 20:07:08 DELETE /api/products 404 447ms
2025-09-06 20:15:17 POST /api/payments 200 194ms
2025-09-06 20:23:28 DELETE /api/products 200 389ms
2025-09-06 20:31:41 POST /api/reviews 200 446ms
2025-09-06 20:07:16 POST /api/reviews 500 384ms
2025-09-06 20:31:51 GET /api/reviews 200 203ms
2025-09-06 20:15:32 GET /api/payments 200 430ms
2025-09-06 19:59:09 PUT /api/cart 401 435ms
2025-09-06 20:15:38 PUT /api/products 404 98ms
2025-09-06 20:32:11 GET /api/products 404 447ms
2025-09-06 19:59:12 POST /api/orders 200 327ms
2025-09-06 20:24:04 GET /api/products 502 384ms
2025-09-06 20:24:08 DELETE /api/products 403 333ms
2025-09-06 20:07:34 DELETE /api/cart 200 95ms
2025-09-06 20:15:56 GET /api/products 403 228ms
2025-09-06 20:24:20 GET /api/cart 200 140ms
2025-09-06 20:32:46 GET /api/products 201 366ms
2025-09-06 20:07:42 POST /api/products 502 224ms
2025-09-06 20:07:44 PUT /api/orders 200 124ms
2025-09-06 20:24:36 GET /api/products 200 425ms
2025-09-06 20:33:06 POST /api/products 200 54ms
2025-09-06 20:16:17 GET /api/orders 200 376ms
2025-09-06 20:16:20 GET /api/reviews 200 338ms
2025-09-06 20:07:54 GET /api/users 200 221ms
2025-09-06 19:59:26 PUT /api/products 400 364ms
2025-09-06 20:16:29 PUT /api/reviews 401 167ms
2025-09-06 20:16:32 POST /api/products 403 423ms
2025-09-06 20:08:02 POST /api/products 200 128ms
2025-09-06 20:25:12 DELETE /api/users 403 427ms
2025-09-06 19:59:31 GET /api/payments 200 383ms
2025-09-06 20:25:20 PUT /api/cart 401 348ms
2025-09-06 19:59:33 PUT /api/cart 201 318ms
2025-09-06 20:34:06 POST /api/cart 200 182ms
2025-09-06 20:16:53 GET /api/cart 200 404ms
2025-09-06 20:25:36 PUT /api/payments 200 149ms
2025-09-06 20:25:40 POST /api/users 200 321ms
2025-09-06 20:17:02 DELETE /api/orders 403 431ms
2025-09-06 19:59:39 POST /api/payments 200 112ms
2025-09-06 20:08:24 GET /api/reviews 502 114ms
2025-09-06 19:59:41 PUT /api/orders 200 133ms
2025-09-06 20:08:28 GET /api/cart 400 477ms
2025-09-06 20:34:51 POST /api/products 404 69ms
2025-09-06 19:59:44 POST /api/payments 400 216ms
2025-09-06 20:08:34 PUT /api/payments 200 463ms
2025-09-06 19:59:46 GET /api/reviews 401 290ms
2025-09-06 19:59:47 DELETE /api/cart 200 462ms
2025-09-06 19:59:48 GET /api/products 200 306ms
2025-09-06 20:26:28 POST /api/cart 200 304ms
2025-09-06 20:35:26 GET /api/products 200 121ms
2025-09-06 20:26:36 PUT /api/users 200 233ms
2025-09-06 20:17:44 POST /api/products 401 169ms
2025-09-06 20:35:41 POST /api/reviews 200 460ms
2025-09-06 20:26:48 GET /api/products 400 136ms
2025-09-06 20:17:53 PUT /api/cart 200 386ms
2025-09-06 20:35:56 DELETE /api/payments 503 253ms
2025-09-06 19:59:57 DELETE /api/cart 200 198ms
2025-09-06 20:27:04 POST /api/cart 200 453ms
2025-09-06 20:27:08 PUT /api/products 403 238ms
2025-09-06 20:00:00 DELETE /api/users 403 254ms
2025-09-06 20:36:21 PUT /api/cart 200 152ms
2025-09-06 20:18:14 POST /api/products 201 107ms
2025-09-06 20:18:17 POST /api/orders 200 484ms
2025-09-06 20:18:20 POST /api/products 200 401ms
2025-09-06 20:18:23 PUT /api/reviews 400 211ms
2025-09-06 20:00:06 DELETE /api/payments 200 494ms
2025-09-06 20:36:51 PUT /api/orders 201 152ms
2025-09-06 20:09:20 POST /api/products 200 141ms
2025-09-06 20:18:35 GET /api/orders 200 338ms
2025-09-06 20:37:06 POST /api/cart 200 178ms
2025-09-06 20:37:11 GET /api/payments 403 244ms
2025-09-06 20:28:00 POST /api/users 200 193ms
2025-09-06 20:37:21 GET /api/products 404 67ms
2025-09-06 20:28:08 PUT /api/reviews 200 299ms
2025-09-06 20:37:31 PUT /api/cart 200 170ms
2025-09-06 20:37:36 POST /api/users 200 153ms
2025-09-06 20:09:38 GET /api/products 200 124ms
2025-09-06 20:19:02 GET /api/products 403 53ms
2025-09-06 20:37:51 PUT /api/reviews 403 186ms
2025-09-06 20:28:32 DELETE /api/cart 200 162ms
2025-09-06 20:00:21 POST /api/payments 200 380ms
2025-09-06 20:09:48 DELETE /api/users 200 491ms
2025-09-06 20:19:17 DELETE /api/products 200 406ms
2025-09-06 20:28:48 POST /api/users 200 431ms
2025-09-06 20:09:54 DELETE /api/reviews 201 418ms
2025-09-06 20:38:26 GET /api/cart 404 315ms
2025-09-06 20:09:58 POST /api/users 404 394ms
2025-09-06 20:00:28 GET /api/cart 200 442ms
2025-09-06 20:10:02 POST /api/reviews 403 167ms
2025-09-06 20:00:30 DELETE /api/reviews 200 433ms
2025-09-06 20:10:06 POST /api/users 404 410ms
2025-09-06 20:19:44 POST /api/payments 200 382ms
2025-09-06 20:00:33 PUT /api/cart 500 336ms
2025-09-06 20:39:06 PUT /api/orders 200 268ms
2025-09-06 20:29:32 POST /api/payments 200 219ms
2025-09-06 20:00:36 POST /api/users 404 190ms
2025-09-06 20:00:37 GET /api/products 403 382ms
2025-09-06 20:29:44 DELETE /api/cart 200 187ms
2025-09-06 20:29:48 POST /api/products 200 418ms
2025-09-06 20:00:40 DELETE /api/orders 200 298ms
2025-09-06 20:10:26 PUT /api/products 200 209ms
2025-09-06 20:00:42 PUT /api/orders 403 374ms
2025-09-06 20:00:43 DELETE /api/reviews 200 408ms
2025-09-06 20:10:32 DELETE /api/reviews 403 289ms
2025-09-06 20:30:12 POST /api/reviews 502 71ms
2025-09-06 20:00:46 PUT /api/payments 404 56ms
2025-09-06 20:40:11 POST /api/cart 200 398ms
2025-09-06 20:40:16 POST /api/orders 403 205ms
2025-09-06 20:00:49 PUT /api/users 401 462ms
2025-09-06 20:00:50 PUT /api/payments 200 66ms
2025-09-06 20:20:41 PUT /api/products 200 232ms
2025-09-06 20:40:36 POST /api/reviews 200 266ms
2025-09-06 20:40:41 POST /api/products 500 278ms
2025-09-06 20:20:50 PUT /api/reviews 200 183ms
2025-09-06 20:00:55 PUT /api/reviews 200 386ms
2025-09-06 20:40:56 PUT /api/users 403 95ms
2025-09-06 20:41:01 DELETE /api/payments 200 154ms
2025-09-06 20:21:02 DELETE /api/orders 200 158ms
2025-09-06 20:21:05 DELETE /api/orders 200 500ms
2025-09-06 20:11:04 PUT /api/users 201 418ms
2025-09-06 20:01:01 GET /api/payments 200 443ms
2025-09-06 20:01:02 GET /api/products 200 232ms
2025-09-06 20:11:10 GET /api/products 401 302ms
2025-09-06 20:01:04 PUT /api/payments 200 493ms
2025-09-06 20:31:32 GET /api/users 200 108ms
2025-09-06 20:21:26 GET /api/reviews 200 383ms
2025-09-06 20:01:07 PUT /api/cart 201 440ms
2025-09-06 20:11:20 GET /api/reviews 200 279ms
2025-09-06 20:11:22 DELETE /api/products 200 388ms
2025-09-06 20:01:10 GET /api/payments 404 216ms
2025-09-06 20:11:26 GET /api/users 200 51ms
2025-09-06 20:21:44 DELETE /api/payments 200 183ms
2025-09-06 20:11:30 PUT /api/orders 500 90ms
2025-09-06 20:42:26 PUT /api/orders 200 322ms
2025-09-06 20:32:12 POST /api/cart 200 252ms
2025-09-06 20:42:36 GET /api/reviews 200 459ms
2025-09-06 20:11:38 POST /api/users 200 322ms
2025-09-06 20:42:46 PUT /api/payments 200 433ms
2025-09-06 20:32:28 GET /api/payments 200 467ms
2025-09-06 20:01:20 DELETE /api/orders 200 370ms
2025-09-06 20:22:11 PUT /api/users 200 384ms
2025-09-06 20:01:22 DELETE /api/products 200 227ms
2025-09-06 20:32:44 PUT /api/cart 500 301ms
2025-09-06 20:01:24 PUT /api/orders 200 236ms
2025-09-06 20:22:23 DELETE /api/reviews 200 213ms
2025-09-06 20:22:26 POST /api/users 500 335ms
2025-09-06 20:33:00 GET /api/products 200 411ms
2025-09-06 20:43:36 GET /api/payments 502 278ms
2025-09-06 20:22:35 PUT /api/users 502 493ms
2025-09-06 20:33:12 POST /api/products 404 412ms
2025-09-06 20:01:31 GET /api/orders 400 81ms
2025-09-06 20:43:56 DELETE /api/reviews 200 143ms
2025-09-06 20:22:47 POST /api/reviews 200 374ms
2025-09-06 20:33:28 POST /api/users 401 326ms
2025-09-06 20:33:32 GET /api/payments 201 108ms
2025-09-06 20:01:36 DELETE /api/products 404 193ms
2025-09-06 20:44:21 DELETE /api/orders 404 181ms
2025-09-06 20:12:20 PUT /api/orders 200 89ms
2025-09-06 20:23:05 POST /api/payments 200 257ms
2025-09-06 20:23:08 POST /api/reviews 502 336ms
2025-09-06 20:12:26 POST /api/orders 200 87ms
2025-09-06 20:01:42 PUT /api/orders 200 290ms
2025-09-06 20:44:51 PUT /api/products 200 374ms
2025-09-06 20:34:08 POST /api/reviews 200 384ms
2025-09-06 20:12:34 PUT /api/orders 200 397ms
2025-09-06 20:01:46 DELETE /api/orders 200 472ms
2025-09-06 20:01:47 PUT /api/cart 200 420ms
2025-09-06 20:23:32 PUT /api/cart 200 348ms
2025-09-06 20:34:28 PUT /api/payments 200 451ms
2025-09-06 20:12:44 POST /api/products 403 232ms
2025-09-06 20:45:31 POST /api/cart 400 413ms
2025-09-06 20:34:40 DELETE /api/products 200 256ms
2025-09-06 20:23:47 GET /api/orders 401 210ms
2025-09-06 20:23:50 POST /api/cart 403 129ms
2025-09-06 20:45:51 POST /api/products 404 318ms
2025-09-06 20:34:56 DELETE /api/users 200 308ms
2025-09-06 20:12:58 POST /api/orders 200 122ms
2025-09-06 20:35:04 POST /api/users 200 401ms
2025-09-06 20:46:11 DELETE /api/orders 403 315ms
2025-09-06 20:24:08 PUT /api/payments 200 209ms
2025-09-06 20:46:21 POST /api/products 404 198ms
2025-09-06 20:24:14 PUT /api/users 200 179ms
2025-09-06 20:46:31 DELETE /api/orders 200 215ms
2025-09-06 20:24:20 DELETE /api/products 201 228ms
2025-09-06 20:24:23 GET /api/reviews 401 98ms
2025-09-06 20:24:26 DELETE /api/cart 200 225ms
2025-09-06 20:46:51 DELETE /api/products 400 395ms
2025-09-06 20:35:44 GET /api/payments 200 389ms
2025-09-06 20:13:22 DELETE /api/cart 500 483ms
2025-09-06 20:13:24 DELETE /api/products 200 438ms
2025-09-06 20:24:41 DELETE /api/payments 503 281ms
2025-09-06 20:13:28 GET /api/payments 200 413ms
2025-09-06 20:13:30 DELETE /api/payments 200 186ms
2025-09-06 20:36:08 GET /api/products 200 101ms
2025-09-06 20:24:53 GET /api/users 200 222ms
2025-09-06 20:36:16 DELETE /api/reviews 401 383ms
2025-09-06 20:36:20 GET /api/cart 502 392ms
2025-09-06 20:02:18 GET /api/payments 404 434ms
2025-09-06 20:25:05 PUT /api/reviews 400 433ms
2025-09-06 20:36:32 DELETE /api/reviews 500 142ms
2025-09-06 20:25:11 PUT /api/payments 500 238ms
2025-09-06 20:25:14 DELETE /api/users 200 382ms
2025-09-06 20:48:11 GET /api/orders 200 245ms
2025-09-06 20:48:16 POST /api/products 404 172ms
2025-09-06 20:36:52 GET /api/cart 200 387ms
2025-09-06 20:36:56 DELETE /api/products 403 138ms
2025-09-06 20:25:29 PUT /api/cart 200 435ms
2025-09-06 20:14:00 POST /api/users 200 409ms
2025-09-06 20:48:41 PUT /api/payments 200 107ms
2025-09-06 20:48:46 DELETE /api/users 403 394ms
2025-09-06 20:48:51 GET /api/payments 200 87ms
2025-09-06 20:25:44 DELETE /api/payments 200 369ms
2025-09-06 20:37:24 PUT /api/payments 200 124ms
2025-09-06 20:02:34 DELETE /api/orders 403 51ms
2025-09-06 20:14:14 GET /api/reviews 200 461ms
2025-09-06 20:49:16 DELETE /api/cart 502 430ms
2025-09-06 20:49:21 GET /api/products 404 152ms
2025-09-06 20:49:26 DELETE /api/users 200 201ms
2025-09-06 20:49:31 POST /api/reviews 200 468ms
2025-09-06 20:37:52 POST /api/cart 200 51ms
2025-09-06 20:14:26 PUT /api/cart 200 216ms
2025-09-06 20:02:42 PUT /api/users 200 389ms
2025-09-06 20:02:43 GET /api/payments 200 63ms
2025-09-06 20:38:08 PUT /api/reviews 200 67ms
2025-09-06 20:02:45 POST /api/reviews 200 104ms
2025-09-06 20:14:36 POST /api/cart 401 328ms
2025-09-06 20:14:38 DELETE /api/orders 404 234ms
2025-09-06 20:50:16 GET /api/orders 404 273ms
2025-09-06 20:26:35 GET /api/cart 404 296ms
2025-09-06 20:50:26 POST /api/orders 400 291ms
2025-09-06 20:50:31 DELETE /api/payments 404 332ms
2025-09-06 20:02:52 POST /api/cart 200 342ms
2025-09-06 20:26:47 GET /api/payments 200 476ms
2025-09-06 20:50:46 DELETE /api/reviews 200 62ms
2025-09-06 20:50:51 POST /api/orders 200 214ms
2025-09-06 20:50:56 DELETE /api/users 400 150ms
2025-09-06 20:26:59 PUT /api/cart 200 121ms
2025-09-06 20:15:00 POST /api/cart 200 429ms
2025-09-06 20:27:05 POST /api/users 200 167ms
2025-09-06 20:39:12 PUT /api/reviews 403 354ms
2025-09-06 20:27:11 DELETE /api/products 200 431ms
2025-09-06 20:15:08 PUT /api/orders 404 53ms
2025-09-06 20:03:03 GET /api/cart 500 466ms
2025-09-06 20:39:28 POST /api/orders 200 488ms
2025-09-06 20:03:05 PUT /api/orders 404 112ms
2025-09-06 20:03:06 GET /api/payments 200 107ms
2025-09-06 20:39:40 PUT /api/orders 200 429ms
2025-09-06 20:39:44 GET /api/products 404 182ms
2025-09-06 20:27:35 PUT /api/users 200 194ms
2025-09-06 20:27:38 POST /api/cart 401 272ms
2025-09-06 20:03:11 POST /api/products 200 329ms
2025-09-06 20:03:12 GET /api/products 200 488ms
2025-09-06 20:52:21 DELETE /api/orders 404 288ms
2025-09-06 20:52:26 DELETE /api/users 200 354ms
2025-09-06 20:52:31 DELETE /api/reviews 502 464ms
2025-09-06 20:27:56 POST /api/payments 200 417ms
2025-09-06 20:40:20 DELETE /api/orders 401 157ms
2025-09-06 20:28:02 DELETE /api/cart 403 361ms
2025-09-06 20:40:28 GET /api/products 400 222ms
2025-09-06 20:40:32 POST /api/payments 200 77ms
2025-09-06 20:03:21 PUT /api/reviews 200 321ms
2025-09-06 20:15:48 PUT /api/reviews 502 281ms
2025-09-06 20:28:17 DELETE /api/reviews 200 132ms
2025-09-06 20:15:52 DELETE /api/cart 200 50ms
2025-09-06 20:40:52 DELETE /api/cart 200 279ms
2025-09-06 20:03:26 PUT /api/products 200 366ms
2025-09-06 20:15:58 DELETE /api/users 200 57ms
2025-09-06 20:03:28 GET /api/products 404 165ms
2025-09-06 20:41:08 DELETE /api/users 404 178ms
2025-09-06 20:53:46 DELETE /api/orders 200 459ms
2025-09-06 20:53:51 PUT /api/users 404 252ms
2025-09-06 20:53:56 DELETE /api/users 400 289ms
2025-09-06 20:03:33 GET /api/payments 200 212ms
2025-09-06 20:54:06 GET /api/cart 404 413ms
2025-09-06 20:16:14 POST /api/users 200 392ms
2025-09-06 20:03:36 DELETE /api/payments 401 451ms
2025-09-06 20:03:37 POST /api/users 200 260ms
2025-09-06 20:16:20 PUT /api/cart 403 496ms
2025-09-06 20:41:48 DELETE /api/payments 503 124ms
2025-09-06 20:16:24 POST /api/reviews 400 401ms
2025-09-06 20:29:11 DELETE /api/payments 201 126ms
2025-09-06 20:16:28 PUT /api/products 200 164ms
2025-09-06 20:03:43 GET /api/payments 403 209ms
2025-09-06 20:42:08 DELETE /api/reviews 200 371ms
2025-09-06 20:29:23 DELETE /api/reviews 200 282ms
2025-09-06 20:03:46 PUT /api/users 200 447ms
2025-09-06 20:42:20 GET /api/payments 502 254ms
2025-09-06 20:03:48 DELETE /api/orders 200 69ms
2025-09-06 20:29:35 PUT /api/payments 200 173ms
2025-09-06 20:55:26 PUT /api/reviews 401 304ms
2025-09-06 20:29:41 DELETE /api/payments 200 51ms
2025-09-06 20:16:48 POST /api/reviews 200 204ms
2025-09-06 20:16:50 DELETE /api/payments 200 99ms
2025-09-06 20:55:46 PUT /api/payments 200 154ms
2025-09-06 20:03:55 GET /api/users 200 367ms
2025-09-06 20:03:56 PUT /api/payments 403 425ms
2025-09-06 20:43:00 PUT /api/products 200 279ms
2025-09-06 20:56:06 DELETE /api/payments 400 80ms
2025-09-06 20:30:05 GET /api/orders 400 149ms
2025-09-06 20:17:04 POST /api/cart 200 261ms
2025-09-06 20:43:16 GET /api/cart 200 83ms
2025-09-06 20:30:14 GET /api/users 400 336ms
2025-09-06 20:30:17 DELETE /api/users 200 285ms
2025-09-06 20:17:12 GET /api/reviews 200 269ms
2025-09-06 20:04:05 DELETE /api/products 401 244ms
2025-09-06 20:04:06 PUT /api/users 404 331ms
2025-09-06 20:30:29 PUT /api/users 200 288ms
2025-09-06 20:56:56 POST /api/reviews 200 207ms
2025-09-06 20:43:48 DELETE /api/users 404 458ms
2025-09-06 20:04:10 POST /api/payments 200 472ms
2025-09-06 20:30:41 GET /api/orders 200 408ms
2025-09-06 20:30:44 PUT /api/users 200 130ms
2025-09-06 20:17:30 PUT /api/orders 502 431ms
2025-09-06 20:17:32 POST /api/payments 400 245ms
2025-09-06 20:30:53 POST /api/reviews 200 315ms
2025-09-06 20:44:16 DELETE /api/users 200 420ms
2025-09-06 20:17:38 POST /api/orders 400 81ms
2025-09-06 20:04:18 PUT /api/reviews 404 330ms
2025-09-06 20:17:42 GET /api/cart 200 60ms
2025-09-06 20:57:56 PUT /api/payments 200 327ms
2025-09-06 20:04:21 GET /api/products 200 290ms
2025-09-06 20:17:48 GET /api/products 200 256ms
2025-09-06 20:58:11 PUT /api/products 404 262ms
2025-09-06 20:31:20 POST /api/users 401 224ms
2025-09-06 20:58:21 GET /api/orders 404 434ms
2025-09-06 20:58:26 DELETE /api/cart 404 192ms
2025-09-06 20:45:00 PUT /api/reviews 200 153ms
2025-09-06 20:18:00 POST /api/products 200 243ms
2025-09-06 20:45:08 POST /api/products 200 66ms
2025-09-06 20:58:46 PUT /api/payments 400 116ms
2025-09-06 20:18:06 POST /api/payments 200 144ms
2025-09-06 20:04:32 POST /api/payments 200 162ms
2025-09-06 20:04:33 PUT /api/orders 200 216ms
2025-09-06 20:04:34 GET /api/users 503 453ms
2025-09-06 20:59:11 POST /api/cart 200 218ms
2025-09-06 20:31:56 GET /api/cart 200 256ms
2025-09-06 20:04:37 POST /api/products 200 351ms
2025-09-06 20:59:26 DELETE /api/products 200 324ms
2025-09-06 20:18:22 POST /api/cart 503 173ms
2025-09-06 20:18:24 PUT /api/cart 200 402ms
2025-09-06 20:59:41 GET /api/payments 200 221ms
2025-09-06 20:18:28 PUT /api/users 200 146ms
2025-09-06 20:59:51 DELETE /api/orders 500 320ms
2025-09-06 20:46:08 DELETE /api/users 200 321ms
2025-09-06 20:32:23 DELETE /api/payments 404 254ms
2025-09-06 20:04:46 GET /api/orders 200 407ms
2025-09-06 20:04:47 DELETE /api/products 401 286ms
2025-09-06 21:00:16 POST /api/orders 200 339ms
2025-09-06 20:32:35 PUT /api/orders 401 116ms
2025-09-06 21:00:26 GET /api/products 403 267ms
2025-09-06 20:32:41 PUT /api/reviews 200 438ms
2025-09-06 20:46:40 GET /api/products 200 462ms
2025-09-06 20:46:44 POST /api/reviews 200 276ms
2025-09-06 20:32:50 POST /api/reviews 502 497ms
2025-09-06 20:32:53 DELETE /api/reviews 404 114ms
2025-09-06 20:18:56 DELETE /api/products 200 79ms
2025-09-06 20:32:59 GET /api/orders 200 452ms
2025-09-06 21:01:06 POST /api/users 200 424ms
2025-09-06 20:19:02 DELETE /api/cart 200 348ms
2025-09-06 20:05:00 DELETE /api/orders 200 439ms
2025-09-06 20:05:01 PUT /api/reviews 200 170ms
2025-09-06 20:47:20 PUT /api/reviews 500 334ms
2025-09-06 20:47:24 GET /api/reviews 200 167ms
2025-09-06 21:01:36 POST /api/cart 404 433ms
2025-09-06 20:05:05 GET /api/products 200 386ms
2025-09-06 20:33:26 POST /api/orders 401 231ms
2025-09-06 21:01:51 DELETE /api/cart 404 149ms
2025-09-06 20:19:20 DELETE /api/payments 404 257ms
2025-09-06 20:47:48 POST /api/orders 500 76ms
2025-09-06 20:05:10 POST /api/reviews 200 176ms
2025-09-06 20:19:26 GET /api/users 200 188ms
2025-09-06 20:48:00 PUT /api/users 200 154ms
2025-09-06 21:02:21 POST /api/products 200 468ms
2025-09-06 20:19:32 POST /api/cart 200 182ms
2025-09-06 20:33:53 GET /api/cart 200 369ms
2025-09-06 20:48:16 GET /api/users 200 54ms
2025-09-06 20:05:17 POST /api/orders 200 311ms
2025-09-06 20:19:40 GET /api/payments 200 120ms
2025-09-06 20:34:05 POST /api/orders 503 117ms
2025-09-06 21:02:56 POST /api/cart 401 80ms
2025-09-06 20:19:46 DELETE /api/products 200 58ms
2025-09-06 21:03:06 POST /api/products 200 177ms
2025-09-06 20:48:44 DELETE /api/users 200 221ms
2025-09-06 20:19:52 GET /api/orders 200 255ms
2025-09-06 20:48:52 POST /api/products 404 107ms
2025-09-06 20:19:56 GET /api/reviews 400 171ms
2025-09-06 20:19:58 DELETE /api/users 403 342ms
2025-09-06 20:20:00 DELETE /api/payments 200 353ms
2025-09-06 20:05:29 PUT /api/users 200 317ms
2025-09-06 21:03:46 DELETE /api/orders 400 272ms
2025-09-06 21:03:51 GET /api/payments 500 443ms
2025-09-06 21:03:56 GET /api/products 200 341ms
2025-09-06 20:05:33 DELETE /api/users 200 167ms
2025-09-06 20:20:12 DELETE /api/cart 403 247ms
2025-09-06 20:20:14 POST /api/payments 200 352ms
2025-09-06 20:05:36 DELETE /api/orders 200 280ms
2025-09-06 20:34:59 PUT /api/cart 500 390ms
2025-09-06 20:20:20 PUT /api/reviews 200 179ms
2025-09-06 20:20:22 DELETE /api/reviews 200 371ms
2025-09-06 20:05:40 POST /api/users 502 473ms
2025-09-06 21:04:41 POST /api/cart 401 434ms
2025-09-06 20:05:42 DELETE /api/cart 200 415ms
2025-09-06 20:50:04 PUT /api/payments 200 266ms
2025-09-06 21:04:56 POST /api/reviews 200 106ms
2025-09-06 20:50:12 PUT /api/payments 200 286ms
2025-09-06 20:05:46 POST /api/orders 500 232ms
2025-09-06 20:20:38 PUT /api/products 200 312ms
2025-09-06 21:05:16 PUT /api/users 201 77ms
2025-09-06 20:05:49 POST /api/reviews 200 422ms
2025-09-06 20:05:50 PUT /api/products 200 260ms
2025-09-06 20:20:46 GET /api/products 200 376ms
2025-09-06 20:35:44 DELETE /api/orders 200 458ms
2025-09-06 21:05:41 PUT /api/users 200 373ms
2025-09-06 20:05:54 POST /api/reviews 200 333ms
2025-09-06 20:50:52 PUT /api/users 200 326ms
2025-09-06 20:05:56 PUT /api/reviews 200 149ms
2025-09-06 20:20:58 DELETE /api/users 404 56ms
2025-09-06 20:05:58 PUT /api/payments 200 182ms
2025-09-06 20:21:02 PUT /api/cart 502 456ms
2025-09-06 20:06:00 PUT /api/cart 200 124ms
2025-09-06 21:06:21 POST /api/users 201 379ms
2025-09-06 20:36:14 GET /api/cart 200 103ms
2025-09-06 20:06:03 PUT /api/orders 201 335ms
2025-09-06 21:06:36 DELETE /api/orders 200 250ms
2025-09-06 20:36:23 GET /api/cart 401 292ms
2025-09-06 21:06:46 DELETE /api/products 200 450ms
2025-09-06 20:51:40 POST /api/cart 200 174ms
2025-09-06 21:06:56 PUT /api/orders 400 329ms
2025-09-06 20:21:22 GET /api/users 400 191ms
2025-09-06 20:51:52 PUT /api/products 200 447ms
2025-09-06 20:36:41 POST /api/reviews 200 185ms
2025-09-06 20:06:12 GET /api/cart 200 170ms
2025-09-06 20:36:47 PUT /api/users 200 460ms
2025-09-06 21:07:26 GET /api/products 201 493ms
2025-09-06 20:52:12 GET /api/orders 200 252ms
2025-09-06 20:36:56 DELETE /api/payments 201 69ms
2025-09-06 20:06:17 POST /api/users 200 309ms
2025-09-06 20:06:18 PUT /api/users 200 165ms
2025-09-06 20:21:42 DELETE /api/orders 500 451ms
2025-09-06 20:37:08 PUT /api/payments 200 257ms
2025-09-06 20:37:11 POST /api/payments 200 268ms
2025-09-06 20:52:40 PUT /api/payments 200 464ms
2025-09-06 21:08:11 PUT /api/orders 200 360ms
2025-09-06 21:08:16 POST /api/products 200 172ms
2025-09-06 20:52:52 PUT /api/cart 404 110ms
2025-09-06 20:52:56 PUT /api/products 404 488ms
2025-09-06 20:06:27 GET /api/products 200 455ms
2025-09-06 21:08:36 POST /api/products 200 163ms
2025-09-06 21:08:41 POST /api/orders 200 222ms
2025-09-06 20:22:04 DELETE /api/products 200 145ms
2025-09-06 20:22:06 PUT /api/reviews 401 380ms
2025-09-06 20:53:20 POST /api/products 200 74ms
2025-09-06 20:37:47 PUT /api/products 200 101ms
2025-09-06 21:09:06 GET /api/cart 404 236ms
2025-09-06 21:09:11 DELETE /api/orders 500 413ms
2025-09-06 20:06:36 GET /api/cart 201 454ms
2025-09-06 20:53:40 DELETE /api/orders 404 462ms
2025-09-06 20:22:20 PUT /api/payments 401 455ms
2025-09-06 20:53:48 GET /api/payments 200 251ms
2025-09-06 20:53:52 DELETE /api/users 200 159ms
2025-09-06 20:38:11 PUT /api/cart 404 418ms
2025-09-06 20:38:14 POST /api/cart 200 264ms
2025-09-06 20:54:04 GET /api/payments 404 417ms
2025-09-06 20:54:08 POST /api/cart 200 137ms
2025-09-06 20:22:34 DELETE /api/orders 200 397ms
2025-09-06 20:06:46 PUT /api/products 200 476ms
2025-09-06 20:06:47 POST /api/orders 404 93ms
2025-09-06 20:54:24 DELETE /api/payments 200 124ms
2025-09-06 21:10:21 POST /api/payments 200 457ms
2025-09-06 21:10:26 DELETE /api/cart 400 445ms
2025-09-06 20:22:46 GET /api/products 403 256ms
2025-09-06 20:38:44 POST /api/users 200 297ms
2025-09-06 20:06:53 PUT /api/payments 401 300ms
2025-09-06 20:54:48 POST /api/users 201 339ms
2025-09-06 20:54:52 DELETE /api/users 404 225ms
2025-09-06 21:10:56 DELETE /api/products 401 287ms
2025-09-06 20:55:00 PUT /api/users 200 432ms
2025-09-06 20:06:58 PUT /api/users 500 438ms
2025-09-06 21:11:11 PUT /api/products 400 154ms
2025-09-06 20:07:00 DELETE /api/users 200 432ms
2025-09-06 20:39:11 PUT /api/users 200 405ms
2025-09-06 21:11:26 DELETE /api/products 200 471ms
2025-09-06 20:23:10 DELETE /api/users 500 186ms
2025-09-06 21:11:36 POST /api/orders 200 395ms
2025-09-06 21:11:41 PUT /api/reviews 200 244ms
2025-09-06 20:23:16 DELETE /api/orders 404 347ms
2025-09-06 20:39:29 POST /api/users 200 415ms
2025-09-06 21:11:56 DELETE /api/products 404 257ms
2025-09-06 20:07:09 PUT /api/reviews 404 454ms
2025-09-06 20:23:24 PUT /api/cart 500 418ms
2025-09-06 20:55:56 GET /api/products 200 150ms
2025-09-06 20:56:00 PUT /api/products 503 138ms
2025-09-06 20:39:47 GET /api/products 400 448ms
2025-09-06 20:39:50 POST /api/reviews 200 347ms
2025-09-06 20:56:12 GET /api/orders 200 318ms
2025-09-06 20:07:16 GET /api/reviews 201 174ms
2025-09-06 20:56:20 POST /api/products 200 340ms
2025-09-06 20:56:24 GET /api/cart 200 121ms
2025-09-06 20:40:05 PUT /api/products 200 454ms
2025-09-06 21:12:56 POST /api/products 403 278ms
2025-09-06 20:23:46 POST /api/orders 200 407ms
2025-09-06 20:40:14 DELETE /api/cart 400 354ms
2025-09-06 20:40:17 DELETE /api/reviews 200 428ms
2025-09-06 20:07:24 DELETE /api/products 200 373ms
2025-09-06 20:23:54 POST /api/users 403 493ms
2025-09-06 20:23:56 GET /api/orders 200 211ms
2025-09-06 20:40:29 POST /api/orders 502 75ms
2025-09-06 21:13:36 GET /api/reviews 200 299ms
2025-09-06 20:07:29 GET /api/orders 201 133ms
2025-09-06 20:40:38 DELETE /api/reviews 200 360ms
2025-09-06 20:40:41 POST /api/reviews 200 58ms
2025-09-06 20:40:44 PUT /api/cart 404 122ms
2025-09-06 21:14:01 DELETE /api/payments 200 266ms
2025-09-06 21:14:06 POST /api/users 404 228ms
2025-09-06 21:14:11 PUT /api/users 200 261ms
